"../../../MyProject/Content/Maze1.uasset" 0
"../../../MyProject/Content/Maze1_Mat.uasset" 1
"../../../MyProject/Content/Maze2.uasset" 2
"../../../MyProject/Content/Maze2_Mat.uasset" 3
"../../../MyProject/Content/pCube4Mat.uasset" 4
"../../../MyProject/Content/Maze_Bottom.uasset" 5
"../../../MyProject/Content/polySurface4Mat.uasset" 6
"../../../MyProject/Content/Maze_Top.uasset" 7
"../../../MyProject/Content/FirstPerson/Meshes/BaseMaterial.uasset" 8
"../../../MyProject/Content/FirstPerson/Meshes/FirstPersonProjectileMaterial.uasset" 9
"../../../MyProject/Content/FirstPerson/Character/Materials/MaterialLayers/T_ML_Aluminum01.uasset" 10
"../../../MyProject/Content/FirstPersonBP/Blueprints/testingf.uasset" 11
"../../../MyProject/Content/FirstPersonBP/Blueprints/tileFloor.uasset" 12
"../../../MyProject/Content/testBase_Blueprint.uasset" 13
"../../../MyProject/Content/FirstPerson/Character_2/Player_Two_Pawn.uasset" 14
"../../../MyProject/Content/FirstPerson/Character/Mesh/SK_Mannequin_Arms_Skeleton.uasset" 15
"../../../MyProject/Content/FirstPerson/Animations/FirstPerson_Idle.uasset" 16
"../../../MyProject/Content/FirstPerson/Animations/FirstPerson_JumpEnd.uasset" 17
"../../../MyProject/Content/FirstPerson/Animations/FirstPerson_JumpLoop.uasset" 18
"../../../MyProject/Content/FirstPerson/Animations/FirstPerson_JumpStart.uasset" 19
"../../../MyProject/Content/FirstPerson/Animations/FirstPerson_Run.uasset" 20
"../../../Engine/Content/EditorBlueprintResources/StandardMacros.uasset" 21
"../../../MyProject/Content/FirstPerson/Animations/FirstPerson_AnimBP.uasset" 22
"../../../MyProject/Content/FirstPerson/Animations/FirstPerson_Fire.uasset" 23
"../../../MyProject/Content/FirstPerson/Animations/FirstPersonFire_Montage.uasset" 24
"../../../MyProject/Content/FirstPerson/Meshes/FirstPersonProjectileMesh.uasset" 25
"../../../MyProject/Content/FirstPersonBP/Blueprints/FirstPersonProjectile.uasset" 26
"../../../MyProject/Content/FirstPerson/Audio/FirstPersonTemplateWeaponFire02.uasset" 27
"../../../Engine/Content/Functions/Engine_MaterialFunctions02/Utility/BlendAngleCorrectedNormals.uasset" 28
"../../../Engine/Content/Functions/MaterialLayerFunctions/MatLayerBlend_NormalBlend.uasset" 29
"../../../Engine/Content/Functions/MaterialLayerFunctions/MatLayerBlend_Simple.uasset" 30
"../../../MyProject/Content/FirstPerson/Character/Materials/MaterialLayers/T_ML_Rubber_Blue_01_D.uasset" 31
"../../../MyProject/Content/FirstPerson/Character/Materials/MaterialLayers/T_ML_Rubber_Blue_01_N.uasset" 32
"../../../MyProject/Content/FirstPerson/Character/Materials/MaterialLayers/ML_GlossyBlack_Latex_UE4.uasset" 33
"../../../MyProject/Content/FirstPerson/Character/Materials/MaterialLayers/ML_Plastic_Shiny_Beige.uasset" 34
"../../../MyProject/Content/FirstPerson/Character/Textures/UE4_LOGO_CARD.uasset" 35
"../../../MyProject/Content/FirstPerson/Character/Materials/MaterialLayers/ML_Plastic_Shiny_Beige_LOGO.uasset" 36
"../../../MyProject/Content/FirstPerson/Character/Materials/MaterialLayers/T_ML_Aluminum01_N.uasset" 37
"../../../MyProject/Content/FirstPerson/Character/Materials/MaterialLayers/ML_SoftMetal_UE4.uasset" 38
"../../../MyProject/Content/FirstPerson/Character/Textures/UE4_Mannequin__normals.uasset" 39
"../../../MyProject/Content/FirstPerson/Character/Textures/UE4_Mannequin_MAT_MASKA.uasset" 40
"../../../MyProject/Content/FirstPerson/Character/Materials/M_UE4Man_Body.uasset" 41
"../../../MyProject/Content/FirstPerson/Character/Mesh/SK_Mannequin_Arms_PhysicsAsset.uasset" 42
"../../../MyProject/Content/FirstPerson/Character/Mesh/SK_Mannequin_Arms.uasset" 43
"../../../MyProject/Content/FirstPerson/FPWeapon/Materials/MaterialLayers/T_ML_Rubber_Blue_01_D.uasset" 44
"../../../MyProject/Content/FirstPerson/FPWeapon/Materials/MaterialLayers/T_ML_Rubber_Blue_01_N.uasset" 45
"../../../MyProject/Content/FirstPerson/FPWeapon/Materials/MaterialLayers/ML_GlossyBlack_Latex_UE4.uasset" 46
"../../../MyProject/Content/FirstPerson/FPWeapon/Materials/MaterialLayers/ML_Plastic_Shiny_Beige.uasset" 47
"../../../MyProject/Content/FirstPerson/FPWeapon/Materials/MaterialLayers/ML_Screen.uasset" 48
"../../../MyProject/Content/FirstPerson/FPWeapon/Materials/MaterialLayers/T_ML_Aluminum01.uasset" 49
"../../../MyProject/Content/FirstPerson/FPWeapon/Materials/MaterialLayers/T_ML_Aluminum01_N.uasset" 50
"../../../MyProject/Content/FirstPerson/FPWeapon/Materials/MaterialLayers/ML_SoftMetal_UE4.uasset" 51
"../../../MyProject/Content/FirstPerson/FPWeapon/Textures/T_FPGun_M.uasset" 52
"../../../MyProject/Content/FirstPerson/FPWeapon/Textures/T_FPGun_N.uasset" 53
"../../../MyProject/Content/FirstPerson/FPWeapon/Materials/M_FPGun.uasset" 54
"../../../MyProject/Content/FirstPerson/FPWeapon/Mesh/SK_FPGun_Skeleton.uasset" 55
"../../../MyProject/Content/FirstPerson/FPWeapon/Mesh/SK_FPGun.uasset" 56
"../../../MyProject/Content/FirstPersonBP/Blueprints/FirstPersonCharacter.uasset" 57
"../../../MyProject/Content/Blueprints/NewPlayerController.uasset" 58
"../../../MyProject/Content/bomb/texture.uasset" 59
"../../../MyProject/Content/bomb/texture_Mat.uasset" 60
"../../../MyProject/Content/Bomb-20170830T001233Z-001/Bomb/lambert2.uasset" 61
"../../../MyProject/Content/Bomb-20170830T001233Z-001/Bomb/bomb.uasset" 62
"../../../MyProject/Content/FirstPerson/FPWeapon/Materials/MaterialLayers/ML_Plastic_Shiny_Beige_LOGO.uasset" 63
"../../../MyProject/Content/FirstPerson/FPWeapon/Materials/MaterialLayers/T_ML_FineRubber.uasset" 64
"../../../MyProject/Content/FirstPerson/FPWeapon/Mesh/SK_FPGun_PhysicsAsset.uasset" 65
"../../../MyProject/Content/map/Bomb_Texture.uasset" 66
"../../../MyProject/Content/map/Bomb_Texture_Mat.uasset" 67
"../../../MyProject/Content/map/pPipe8Mat.uasset" 68
"../../../MyProject/Content/map/Bomb_New.uasset" 69
"../../../MyProject/Content/exploiveBomb.uasset" 70
"../../../MyProject/Content/FirstPersonBP/Blueprints/player2.uasset" 71
"../../../MyProject/Content/FirstPersonBP/Blueprints/player1.uasset" 72
"../../../MyProject/Content/Blueprints/NewPlayerController2.uasset" 73
"../../../MyProject/Content/FirstPerson/Textures/FirstPersonCrosshair.uasset" 74
"../../../MyProject/Content/FirstPersonBP/Blueprints/FirstPersonHUD.uasset" 75
"../../../MyProject/Content/FirstPersonBP/Blueprints/FirstPersonGameMode.uasset" 76
"../../../MyProject/Content/Geometry/Meshes/CubeMaterial.uasset" 77
"../../../MyProject/Content/Geometry/Meshes/1M_Cube_Chamfer.uasset" 78
"../../../MyProject/Content/Geometry/Meshes/TemplateFloor.uasset" 79
"../../../MyProject/Content/map/North_Star.uasset" 80
"../../../MyProject/Content/map/South_Star.uasset" 81
"../../../MyProject/Content/map/Team_Moon_icon.uasset" 82
"../../../MyProject/Content/map/Team_Sun_icon.uasset" 83
"../../../Engine/Content/Functions/Engine_MaterialFunctions01/Opacity/CameraDepthFade.uasset" 84
"../../../Engine/Content/EngineMaterials/T_Default_Material_Grid_M.uasset" 85
"../../../Engine/Content/EngineMaterials/T_Default_Material_Grid_N.uasset" 86
"../../../Engine/Content/EngineMaterials/DefaultMaterial.uasset" 87
"../../../Engine/Content/BasicShapes/Cone.uasset" 88
"../../../Engine/Content/EngineMaterials/WorldGridMaterial.uasset" 89
"../../../Engine/Content/BasicShapes/Cube.uasset" 90
"../../../Engine/Content/BasicShapes/Cylinder.uasset" 91
"../../../Engine/Content/BasicShapes/Plane.uasset" 92
"../../../Engine/Content/EditorLandscapeResources/DataLayer.uasset" 93
"../../../Engine/Content/EditorMaterials/GizmoMaterial.uasset" 94
"../../../Engine/Content/EditorMaterials/MAT_Groups_Toggle.uasset" 95
"../../../Engine/Content/EditorMaterials/MAT_Groups_Visibility.uasset" 96
"../../../Engine/Content/EditorMaterials/PreviewShadowIndicator.uasset" 97
"../../../Engine/Content/EditorMaterials/PreviewShadowIndicatorMaterial.uasset" 98
"../../../Engine/Content/EditorMaterials/AssetViewer/EpicQuadPanorama_CC+EV1.uasset" 99
"../../../Engine/Content/EditorMaterials/MatineeGroups/MAT_ColorTrack.uasset" 100
"../../../Engine/Content/EditorMaterials/MatineeGroups/MAT_Groups_Anim.uasset" 101
"../../../Engine/Content/EditorMaterials/MatineeGroups/MAT_Groups_AudioMaster.uasset" 102
"../../../Engine/Content/EditorMaterials/MatineeGroups/MAT_Groups_Director.uasset" 103
"../../../Engine/Content/EditorMaterials/MatineeGroups/MAT_Groups_Event.uasset" 104
"../../../Engine/Content/EditorMaterials/MatineeGroups/MAT_Groups_Fade.uasset" 105
"../../../Engine/Content/EditorMaterials/MatineeGroups/MAT_Groups_Float.uasset" 106
"../../../Engine/Content/EditorMaterials/MatineeGroups/MAT_Groups_Move.uasset" 107
"../../../Engine/Content/EditorMaterials/MatineeGroups/MAT_Groups_Slomo.uasset" 108
"../../../Engine/Content/EditorMaterials/MatineeGroups/MAT_Groups_Sound.uasset" 109
"../../../Engine/Content/EditorMaterials/MatineeGroups/MAT_Groups_Vector.uasset" 110
"../../../Engine/Content/EditorMaterials/ParticleSystems/PSysThumbnail_NoImage.uasset" 111
"../../../Engine/Content/EditorMaterials/ParticleSystems/PSysThumbnail_OOD.uasset" 112
"../../../Engine/Content/EditorMaterials/Camera/CineMat.uasset" 113
"../../../Engine/Content/EditorMaterials/Camera/MI_CineMat_Rig.uasset" 114
"../../../Engine/Content/EditorMeshes/Camera/SM_CraneRig_Arm.uasset" 115
"../../../Engine/Content/EditorMeshes/Camera/SM_CraneRig_Base.uasset" 116
"../../../Engine/Content/EditorMeshes/Camera/SM_CraneRig_Body.uasset" 117
"../../../Engine/Content/EditorMeshes/Camera/SM_CraneRig_Mount.uasset" 118
"../../../Engine/Content/EditorMeshes/Camera/SM_RailRig_Mount.uasset" 119
"../../../Engine/Content/EditorMeshes/Camera/SM_RailRig_Track.uasset" 120
"../../../Engine/Content/EditorResources/BSPVertex.uasset" 121
"../../../Engine/Content/EditorResources/EmptyActor.uasset" 122
"../../../Engine/Content/EditorResources/S_Actor.uasset" 123
"../../../Engine/Content/EditorResources/S_Trigger.uasset" 124
"../../../Engine/Content/EditorResources/LightIcons/S_LightError.uasset" 125
"../../../Engine/Content/EditorResources/SequenceRecorder/Countdown.uasset" 126
"../../../Engine/Content/EditorResources/SequenceRecorder/RecordingIndicator.uasset" 127
"../../../Engine/Content/EditorSounds/Notifications/CompileFailed.uasset" 128
"../../../Engine/Content/EditorSounds/Notifications/CompileFailed_Cue.uasset" 129
"../../../Engine/Content/EditorSounds/Notifications/CompileSuccess.uasset" 130
"../../../Engine/Content/EditorSounds/Notifications/CompileStart_Cue.uasset" 131
"../../../Engine/Content/EditorSounds/Notifications/CompileSuccess_Cue.uasset" 132
"../../../Engine/Content/EngineDamageTypes/DmgTypeBP_Environmental.uasset" 133
"../../../Engine/Content/EngineDebugMaterials/HeatmapGradient.uasset" 134
"../../../Engine/Content/EngineDebugMaterials/BoneWeightMaterial.uasset" 135
"../../../Engine/Content/EngineDebugMaterials/ClothMaterial.uasset" 136
"../../../Engine/Content/EngineDebugMaterials/DebugMeshMaterial.uasset" 137
"../../../Engine/Content/EngineDebugMaterials/GeomMaterial.uasset" 138
"../../../Engine/Content/EngineFonts/Faces/RobotoBold.uasset" 139
"../../../Engine/Content/EngineFonts/Faces/RobotoBoldItalic.uasset" 140
"../../../Engine/Content/EngineFonts/Faces/RobotoItalic.uasset" 141
"../../../Engine/Content/EngineFonts/Faces/RobotoLight.uasset" 142
"../../../Engine/Content/EngineFonts/Faces/RobotoRegular.uasset" 143
"../../../Engine/Content/EngineFonts/Roboto.uasset" 144
"../../../Engine/Content/EngineFonts/Faces/RobotoTiny.uasset" 145
"../../../Engine/Content/EngineFonts/RobotoTiny.uasset" 146
"../../../Engine/Content/EngineMaterials/DefaultBloomKernel.uasset" 147
"../../../Engine/Content/EngineMaterials/DefaultBokeh.uasset" 148
"../../../Engine/Content/EngineMaterials/DefaultDiffuse.uasset" 149
"../../../Engine/Content/EngineMaterials/DefaultDeferredDecalMaterial.uasset" 150
"../../../Engine/Content/EngineMaterials/DefaultLightFunctionMaterial.uasset" 151
"../../../Engine/Content/EngineMaterials/DefaultPhysicalMaterial.uasset" 152
"../../../Engine/Content/Functions/Engine_MaterialFunctions02/Utility/BreakOutFloat2Components.uasset" 153
"../../../Engine/Content/EngineMaterials/DefaultPostProcessMaterial.uasset" 154
"../../../Engine/Content/EngineFonts/RobotoDistanceField.uasset" 155
"../../../Engine/Content/EngineMaterials/DefaultTextMaterialOpaque.uasset" 156
"../../../Engine/Content/EngineMaterials/DefaultWhiteGrid.uasset" 157
"../../../Engine/Content/EngineMaterials/EditorBrushMaterial.uasset" 158
"../../../Engine/Content/EngineMaterials/Good64x64TilingNoiseHighFreq.uasset" 159
"../../../Engine/Content/EngineMaterials/MiniFont.uasset" 160
"../../../Engine/Content/EngineMaterials/InvalidLightmapSettings.uasset" 161
"../../../Engine/Content/EngineMaterials/M_InvalidLightmapSettings.uasset" 162
"../../../Engine/Content/EngineMaterials/PhAT_JointLimitMaterial.uasset" 163
"../../../Engine/Content/EngineMaterials/PreintegratedSkinBRDF.uasset" 164
"../../../Engine/Content/EngineMaterials/RemoveSurfaceMaterial.uasset" 165
"../../../Engine/Content/EngineMaterials/WeightMapPlaceholderTexture.uasset" 166
"../../../Engine/Content/EngineResources/WhiteSquareTexture.uasset" 167
"../../../Engine/Content/EngineMaterials/Widget3DPassThrough.uasset" 168
"../../../Engine/Content/EngineMaterials/Widget3DPassThrough_Masked.uasset" 169
"../../../Engine/Content/EngineMaterials/Widget3DPassThrough_Opaque.uasset" 170
"../../../Engine/Content/EngineMaterials/Widget3DPassThrough_Masked_OneSided.uasset" 171
"../../../Engine/Content/EngineMaterials/Widget3DPassThrough_Opaque_OneSided.uasset" 172
"../../../Engine/Content/EngineMaterials/Widget3DPassThrough_Translucent.uasset" 173
"../../../Engine/Content/EngineMaterials/Widget3DPassThrough_Translucent_OneSided.uasset" 174
"../../../Engine/Content/EngineMeshes/Cube.uasset" 175
"../../../Engine/Content/EngineMeshes/Cylinder.uasset" 176
"../../../Engine/Content/EngineMeshes/Sphere.uasset" 177
"../../../Engine/Content/EngineResources/Black.uasset" 178
"../../../Engine/Content/EngineResources/DefaultTexture.uasset" 179
"../../../Engine/Content/EngineResources/DefaultTextureCube.uasset" 180
"../../../Engine/Content/EngineResources/GradientTexture0.uasset" 181
"../../../Engine/Content/EngineSounds/Master.uasset" 182
"../../../Engine/Content/Functions/Engine_MaterialFunctions01/Shading/ConvertFromDiffSpec.uasset" 183
"../../../Engine/Content/Functions/Engine_MaterialFunctions01/Shading/PowerToRoughness.uasset" 184
"../../../Engine/Content/Maps/Templates/Thumbnails/Default.uasset" 185
"../../../Engine/Content/Maps/Templates/Thumbnails/VR-Basic.uasset" 186
"../../../Engine/Content/MobileResources/T_MobileControls_texture.uasset" 187
"../../../Engine/Content/MobileResources/T_MobileMenu2.uasset" 188
"../../../Engine/Content/MobileResources/HUD/AnalogHat.uasset" 189
"../../../Engine/Content/MobileResources/HUD/VirtualJoystick_Background.uasset" 190
"../../../Engine/Content/MobileResources/HUD/VirtualJoystick_Thumb.uasset" 191
"../../../Engine/Content/MobileResources/HUD/DefaultVirtualJoysticks.uasset" 192
"../../../Engine/Content/MobileResources/HUD/LeftVirtualJoystickOnly.uasset" 193
"../../../Engine/Content/MobileResources/HUD/MobileHUDButton1_off.uasset" 194
"../../../Engine/Content/MobileResources/HUD/MobileHUDButton1_on.uasset" 195
"../../../Engine/Content/MobileResources/HUD/MobileHUDButton2_off.uasset" 196
"../../../Engine/Content/MobileResources/HUD/MobileHUDButton2_on.uasset" 197
"../../../Engine/Content/MobileResources/HUD/MobileHUDButton3.uasset" 198
"../../../Engine/Content/MobileResources/HUD/MobileHUDButtonFire.uasset" 199
"../../../Engine/Content/MobileResources/HUD/MobileHUDDirectionPad.uasset" 200
"../../../Engine/Content/MobileResources/HUD/MobileHUDDirectionPad2.uasset" 201
"../../../Engine/Content/MobileResources/HUD/MobileHUDDirectionPad3.uasset" 202
"../../../Engine/Content/MobileResources/HUD/MobileHUDDirectionStick.uasset" 203
"../../../Engine/Content/MobileResources/HUD/T_Castle_ThumbstickInner.uasset" 204
"../../../Engine/Content/MobileResources/HUD/T_Castle_ThumbstickOutter.uasset" 205
"../../../Engine/Content/Tutorial/ContentIntroCurve.uasset" 206
"../../../Engine/Content/Tutorial/Basics/TutorialAssets/icon_tab_Levels_40x.uasset" 207
"../../../Engine/Content/Tutorial/BlueprintTutorials/TutorialAssets/BlueprintInterface_64x.uasset" 208
"../../../Engine/Content/Tutorial/BlueprintTutorials/TutorialAssets/BlueprintMacroLibrary_64x.uasset" 209
"../../../Engine/Content/Tutorial/BlueprintTutorials/TutorialAssets/Blueprint_64x.uasset" 210
"../../../Engine/Content/Tutorial/BlueprintTutorials/TutorialAssets/Tutorial_BP_Interface.uasset" 211
"../../../Engine/Content/Tutorial/Foliage/TutorialAssets/Foliage.uasset" 212
"../../../Engine/Content/Tutorial/Landscape/TutorialAssets/Landscape.uasset" 213
"../../../Engine/Content/Tutorial/Paper2D/TutorialAssets/Paper2DFlipbook_TutorialIcon.uasset" 214
"../../../Engine/Content/Tutorial/Paper2D/TutorialAssets/Paper2DSprite_TutorialIcon.uasset" 215
"../../../Engine/Content/Tutorial/SubEditors/TutorialAssets/icon_Editor_Preferences_General_40x.uasset" 216
"../../../Engine/Content/Tutorial/SubEditors/TutorialAssets/icon_ShowSkeletalMeshes_40x.uasset" 217
"../../../Engine/Content/Tutorial/SubEditors/TutorialAssets/TutorialMaterial.uasset" 218
"../../../Engine/Content/Tutorial/SubEditors/TutorialAssets/T_SmokeSubUV_8X8.uasset" 219
"../../../Engine/Content/Tutorial/SubEditors/TutorialAssets/T_soft_smoke.uasset" 220
"../../../Engine/Content/Tutorial/SubEditors/TutorialAssets/M_smoke_subUV_blackbody.uasset" 221
"../../../Engine/Content/Tutorial/SubEditors/TutorialAssets/TutorialParticleSystem.uasset" 222
"../../../Engine/Content/EditorMeshes/EditorCube.uasset" 223
"../../../Engine/Content/Tutorial/SubEditors/TutorialAssets/Tutorial_DM.uasset" 224
"../../../Engine/Content/VREditor/Devices/Generic/GenericHMDMaterial.uasset" 225
"../../../Engine/Content/VREditor/Devices/Generic/GenericHMD.uasset" 226
"../../../Engine/Content/VREditor/FloatingText/LineMaterial.uasset" 227
"../../../Engine/Content/VREditor/FloatingText/JointSphere.uasset" 228
"../../../Engine/Content/VREditor/FloatingText/LineSegmentCylinder.uasset" 229
"../../../Engine/Content/VREditor/Fonts/VRText_RobotoLarge.uasset" 230
"../../../Engine/Content/VREditor/Fonts/VRTextMaterial.uasset" 231
"../../../Engine/Content/VREditor/Fonts/TranslucentVRTextMaterial.uasset" 232
"../../../Engine/Content/VREditor/LaserPointer/VR_LaserPower_01.uasset" 233
"../../../Engine/Content/VREditor/TransformGizmo/TransformGizmoMaterial.uasset" 234
"../../../Engine/Content/VREditor/LaserPointer/HoverMaterial.uasset" 235
"../../../Engine/Content/VREditor/TransformGizmo/TranslucentTransformGizmoMaterial.uasset" 236
"../../../Engine/Content/VREditor/LaserPointer/TranslucentHoverMaterial.uasset" 237
"../../../Engine/Content/VREditor/LaserPointer/HoverMesh.uasset" 238
"../../../Engine/Content/VREditor/LaserPointer/LaserPointerMaterial.uasset" 239
"../../../Engine/Content/VREditor/LaserPointer/LaserPointerMaterialInst.uasset" 240
"../../../Engine/Content/VREditor/LaserPointer/TranslucentLaserPointerMaterialInst.uasset" 241
"../../../Engine/Content/VREditor/LaserPointer/LaserPointerMesh.uasset" 242
"../../../Engine/Content/VREditor/LaserPointer/LaserPointerMesh_End.uasset" 243
"../../../Engine/Content/VREditor/LaserPointer/LaserPointerMesh_Start.uasset" 244
"../../../Engine/Content/Functions/Engine_MaterialFunctions02/Utility/BreakOutFloat3Components.uasset" 245
"../../../Engine/Content/Functions/Engine_MaterialFunctions02/Math/Transform3x3Matrix.uasset" 246
"../../../Engine/Content/Functions/Engine_MaterialFunctions02/SplitComponents.uasset" 247
"../../../Engine/Content/Functions/Engine_MaterialFunctions02/Utility/MakeFloat3.uasset" 248
"../../../Engine/Content/VREditor/SnapGrid/SnapGridMaterial.uasset" 249
"../../../Engine/Content/VREditor/SnapGrid/SnapGridPlaneMesh.uasset" 250
"../../../Engine/Content/VREditor/Sounds/VR_teleport_Cue.uasset" 251
"../../../Engine/Content/VREditor/Sounds/UI/Click_on_Button_Cue.uasset" 252
"../../../Engine/Content/VREditor/Sounds/UI/Dockable_Window_Close.uasset" 253
"../../../Engine/Content/VREditor/Sounds/UI/Dockable_Window_Drop.uasset" 254
"../../../Engine/Content/VREditor/Sounds/UI/Dockable_Window_Open.uasset" 255
"../../../Engine/Content/VREditor/Sounds/UI/Dockable_Window_Pick_Up.uasset" 256
"../../../Engine/Content/VREditor/Sounds/UI/Drop_Item_From_ContentBrowser.uasset" 257
"../../../Engine/Content/VREditor/Sounds/UI/Floating_UI_Open-001.uasset" 258
"../../../Engine/Content/VREditor/Sounds/UI/Gizmo_Handle_Clicked.uasset" 259
"../../../Engine/Content/VREditor/Sounds/UI/Object_PickUp.uasset" 260
"../../../Engine/Content/VREditor/Sounds/UI/Object_Snaps_To_Another_Actor.uasset" 261
"../../../Engine/Content/VREditor/Sounds/UI/Object_Snaps_To_Grid.uasset" 262
"../../../Engine/Content/VREditor/Sounds/UI/Radial_Menu_FadeOut.uasset" 263
"../../../Engine/Content/VREditor/Sounds/UI/Scaling_Down.uasset" 264
"../../../Engine/Content/VREditor/Sounds/UI/Scaling_Up.uasset" 265
"../../../Engine/Content/VREditor/Sounds/UI/Selection_Changes.uasset" 266
"../../../Engine/Content/VREditor/Sounds/UI/Teleport_Mode_Entered.uasset" 267
"../../../Engine/Content/VREditor/Teleport/TeleportDirectionMaterial.uasset" 268
"../../../Engine/Content/VREditor/Teleport/TeleportDirectionMaterial_Inst.uasset" 269
"../../../Engine/Content/VREditor/Teleport/TeleportDirectionMesh.uasset" 270
"../../../Engine/Content/VREditor/TransformGizmo/BoundingBoxCorner.uasset" 271
"../../../Engine/Content/VREditor/TransformGizmo/BoundingBoxEdge.uasset" 272
"../../../Engine/Content/VREditor/TransformGizmo/PlaneTranslationHandle.uasset" 273
"../../../Engine/Content/VREditor/TransformGizmo/RotationHandle.uasset" 274
"../../../Engine/Content/VREditor/TransformGizmo/RotationHandleFull.uasset" 275
"../../../Engine/Content/VREditor/TransformGizmo/RotationHandleIndicator.uasset" 276
"../../../Engine/Content/VREditor/TransformGizmo/RotationHandleQuarter.uasset" 277
"../../../Engine/Content/VREditor/TransformGizmo/Main.uasset" 278
"../../../Engine/Content/VREditor/TransformGizmo/Xray.uasset" 279
"../../../Engine/Content/VREditor/TransformGizmo/SM_Dialog_Close.uasset" 280
"../../../Engine/Content/VREditor/TransformGizmo/SM_Dialog_Move.uasset" 281
"../../../Engine/Content/VREditor/TransformGizmo/SM_Sequencer_Key.uasset" 282
"../../../Engine/Content/VREditor/TransformGizmo/StartRotationHandleIndicator.uasset" 283
"../../../Engine/Content/VREditor/TransformGizmo/TransformGizmoMaterial_Inst.uasset" 284
"../../../Engine/Content/VREditor/TransformGizmo/TranslateArrowHandle.uasset" 285
"../../../Engine/Content/VREditor/TransformGizmo/TranslationHandle.uasset" 286
"../../../Engine/Content/VREditor/TransformGizmo/TranslucentTransformGizmoMaterial_Inst.uasset" 287
"../../../Engine/Content/VREditor/TransformGizmo/UniformScaleHandle.uasset" 288
"../../../Engine/Content/VREditor/UI/KeyDiskMaterial.uasset" 289
"../../../Engine/Content/VREditor/UI/DiscMaterial.uasset" 290
"../../../Engine/Content/VREditor/UI/SM_Radial_Disk.uasset" 291
"../../../Engine/Content/Functions/Engine_MaterialFunctions01/Gradient/RadialGradient.uasset" 292
"../../../Engine/Content/VREditor/WorldMovementGrid/SimpleGrid.uasset" 293
"../../../Engine/Content/VREditor/WorldMovementGrid/GridMaterial.uasset" 294
"../../../Engine/Content/Functions/Engine_MaterialFunctions01/Density/ExponentialDensity.uasset" 295
"../../../Engine/Content/VREditor/WorldMovementGrid/GridPostProcess.uasset" 296
"../../../Engine/Content/EditorLandscapeResources/FlattenHeightMat.uasset" 297
"../../../Engine/Content/VREditor/WorldMovementGrid/PlaneMesh.uasset" 298
"../../../Engine/Plugins/2D/Paper2D/Content/DummySprite.uasset" 299
"../../../Engine/Plugins/2D/Paper2D/Content/DefaultPaperTerrainMaterial.uasset" 300
"../../../Engine/Plugins/2D/Paper2D/Content/DefaultSpriteMaterial.uasset" 301
"../../../Engine/Plugins/2D/Paper2D/Content/MaskedUnlitSpriteMaterial.uasset" 302
"../../../Engine/Plugins/2D/Paper2D/Content/OpaqueUnlitSpriteMaterial.uasset" 303
"../../../Engine/Plugins/2D/Paper2D/Content/PlaceholderTextures/DummySpriteTexture.uasset" 304
"../../../Engine/Plugins/Runtime/GearVR/Content/Textures/GearVRController_AO.uasset" 305
"../../../Engine/Plugins/Runtime/GearVR/Content/Textures/GearVRController_Color.uasset" 306
"../../../Engine/Plugins/Runtime/GearVR/Content/Textures/GearVRController_Normal.uasset" 307
"../../../Engine/Plugins/Runtime/GearVR/Content/Materials/GearVRControllerMaterial.uasset" 308
"../../../Engine/Plugins/Runtime/GearVR/Content/Meshes/GearVrController.uasset" 309
"../../../MyProject/Content/map/Bomb_New_Blueprint.uasset" 310
"../../../MyProject/Content/map/Maze_Floor.uasset" 311
"../../../MyProject/Content/map/Maze_Floor_Mat.uasset" 312
"../../../MyProject/Content/map/Floor2Mat.uasset" 313
"../../../MyProject/Content/map/Maze_Bottom.uasset" 314
"../../../MyProject/Content/Maze_Bottom2_Blueprint.uasset" 315
"../../../Engine/Content/EngineSky/C_Sky_Cloud_Color.uasset" 316
"../../../Engine/Content/EngineSky/C_Sky_Horizon_Color.uasset" 317
"../../../Engine/Content/EngineSky/C_Sky_Zenith_Color.uasset" 318
"../../../Engine/Content/EngineSky/T_Sky_Blue.uasset" 319
"../../../Engine/Content/EngineSky/T_Sky_Clouds_M.uasset" 320
"../../../Engine/Content/EngineSky/T_Sky_Stars.uasset" 321
"../../../Engine/Content/EngineSky/M_Sky_Panning_Clouds2.uasset" 322
"../../../Engine/Content/EngineSky/SM_SkySphere.uasset" 323
"../../../Engine/Content/EngineSky/BP_Sky_Sphere.uasset" 324
"../../../MyProject/Content/map/Bomb_UI.uasset" 325
"../../../MyProject/Content/map/Maze_Map.uasset" 326
"../../../MyProject/Content/FirstPersonBP/UI.uasset" 327
"../../../MyProject/Content/MainMenu/MenuAssets/play.uasset" 328
"../../../MyProject/Content/MainMenu/MenuAssets/quit.uasset" 329
"../../../MyProject/Content/MainMenu/MenuAssets/splash_screen__1_.uasset" 330
"../../../MyProject/Content/MainMenu/MainMenuWidget.uasset" 331
"../../../MyProject/Content/MainMenu/MainMenuHUD.uasset" 332
"../../../MyProject/Content/MainMenu/ThirdPersonMenuMode.uasset" 333
"../../../MyProject/Content/FirstPerson/Meshes/CubeMaterialOverride.uasset" 334
"../../../MyProject/Content/Geometry/Meshes/1M_Cube.uasset" 335
"../../../MyProject/Content/plane.uasset" 336
"../../../MyProject/Content/FirstPersonBP/Maps/FirstPersonExampleMap_BuiltData.uasset" 337
"../../../Engine/Content/BasicShapes/BasicShapeMaterial.uasset" 338
"../../../Engine/Content/Functions/Engine_MaterialFunctions03/Procedurals/ComputeFilterWidth.uasset" 339
"../../../Engine/Content/EngineMaterials/AntiAliasedTextMaterialTranslucent.uasset" 340
"../../../MyProject/Content/bomb/Untitled-1.uasset" 341
"../../../MyProject/Content/bomb/Untitled-1_Mat.uasset" 342
"../../../MyProject/Content/map/Barrier.uasset" 343
"../../../MyProject/Content/map/New_Maze_Cube_1.uasset" 344
"../../../MyProject/Content/map/New_Maze_Cube_1_Mat.uasset" 345
"../../../MyProject/Content/map/New_Maze_Cube_2.uasset" 346
"../../../MyProject/Content/map/New_Maze_Cube_2_Mat.uasset" 347
"../../../Engine/Content/BasicShapes/Sphere.uasset" 348
"../../../MyProject/Content/lambert2.uasset" 349
"../../../MyProject/Content/bomb/bomb.uasset" 350
"../../../MyProject/Content/map/BarrierMat.uasset" 351
"../../../MyProject/Content/map/Maze_Barrier.uasset" 352
"../../../MyProject/Content/map/pCube202Mat.uasset" 353
"../../../MyProject/Content/map/Maze_Walls_Black.uasset" 354
"../../../MyProject/Content/map/pCube203Mat.uasset" 355
"../../../MyProject/Content/map/Maze_Walls_White.uasset" 356
"../../../MyProject/Content/FirstPersonBP/Maps/FirstPersonExampleMap.umap" 357
"../../../MyProject/Content/MainMenu/MainMenu.umap" 358
"../../../Engine/Content/Maps/Entry.umap" 359
