Log file open, 09/27/17 14:43:09
LogInit:Display: Running engine for game: MyProject
LogPlatformFile: Not using cached read wrapper
LogInit:Display: RandInit(1729030856) SRandInit(1729030856).
LogTaskGraph: Started task graph with 5 named threads and 8 total threads with 1 sets of task threads.
LogStats: Stats thread started at 18.524201
LogConfig:Warning: Failed to saved backup for config[Editor]
LogConfig:Warning: Failed to saved backup for config[NullSourceCodeAccess]
LogConfig:Warning: Failed to saved backup for config[PerforceSourceControl]
LogConfig:Warning: Failed to saved backup for config[SubversionSourceControl]
LogConfig:Warning: Failed to saved backup for config[UObjectPlugin]
LogConfig:Warning: Failed to saved backup for config[VisualStudioSourceCodeAccess]
LogConfig:Warning: Failed to saved backup for config[PluginBrowser]
LogConfig:Warning: Failed to saved backup for config[SpeedTreeImporter]
LogConfig:Warning: Failed to saved backup for config[SuperSearchEditor]
LogConfig:Warning: Failed to saved backup for config[HTML5Networking]
LogConfig:Warning: Failed to saved backup for config[Substance]
LogConfig:Warning: Failed to saved backup for config[AndroidMedia]
LogConfig:Warning: Failed to saved backup for config[MediaPlayerEditor]
LogConfig:Warning: Failed to saved backup for config[WmfMedia]
LogConfig:Warning: Failed to saved backup for config[UdpMessaging]
LogConfig:Warning: Failed to saved backup for config[OnlineSubsystem]
LogConfig:Warning: Failed to saved backup for config[OnlineSubsystemNull]
LogConfig:Warning: Failed to saved backup for config[OnlineSubsystemUtils]
LogConfig:Warning: Failed to saved backup for config[AndroidDeviceProfileSelector]
LogConfig:Warning: Failed to saved backup for config[ArchVisCharacter]
LogConfig:Warning: Failed to saved backup for config[CustomMeshComponent]
LogConfig:Warning: Failed to saved backup for config[ExampleDeviceProfileSelector]
LogConfig:Warning: Failed to saved backup for config[GearVR]
LogConfig:Warning: Failed to saved backup for config[IOSDeviceProfileSelector]
LogConfig:Warning: Failed to saved backup for config[MobilePatchingUtils]
LogConfig:Warning: Failed to saved backup for config[OculusRift]
LogConfig:Warning: Failed to saved backup for config[WindowsMoviePlayer]
LogInit: Using libcurl 7.47.1
LogInit:  - built for x86_64-pc-win32
LogInit:  - supports SSL with OpenSSL/1.0.2g
LogInit:  - supports HTTP deflate (compression) using libz 1.2.8
LogInit:  - other features:
LogInit:      CURL_VERSION_SSL
LogInit:      CURL_VERSION_LIBZ
LogInit:      CURL_VERSION_IPV6
LogInit:      CURL_VERSION_ASYNCHDNS
LogInit:      CURL_VERSION_LARGEFILE
LogInit:      CURL_VERSION_IDN
LogInit:  CurlRequestOptions (configurable via config and command line):
LogInit:  - bVerifyPeer = false  - Libcurl will NOT verify peer certificate
LogInit:  - bUseHttpProxy = false  - Libcurl will NOT use HTTP proxy
LogInit:  - bDontReuseConnections = false  - Libcurl will reuse connections
LogInit:  - CertBundlePath = nullptr  - Libcurl will use whatever was configured at build time.
LogInit: Build: ++UE4+Release-4.16-CL-3561208
LogInit: Engine Version: 4.16.3-3561208+++UE4+Release-4.16
LogInit: Compatible Engine Version: 4.16.0-3452394+++UE4+Release-4.16
LogInit: Net CL: 3452394
LogDevObjectVersion: Number of dev versions registered: 16
LogDevObjectVersion:   Dev-Blueprints (B0D832E4-1F89-4F0D-ACCF-7EB736FD4AA2): 9
LogDevObjectVersion:   Dev-Build (E1C64328-A22C-4D53-A36C-8E866417BD8C): 0
LogDevObjectVersion:   Dev-Core (375EC13C-06E4-48FB-B500-84F0262A717E): 2
LogDevObjectVersion:   Dev-Editor (E4B068ED-F494-42E9-A231-DA0B2E46BB41): 17
LogDevObjectVersion:   Dev-Framework (CFFC743F-43B0-4480-9391-14DF171D2073): 23
LogDevObjectVersion:   Dev-Mobile (B02B49B5-BB20-44E9-A304-32B752E40360): 0
LogDevObjectVersion:   Dev-Networking (A4E4105C-59A1-49B5-A7C5-40C4547EDFEE): 0
LogDevObjectVersion:   Dev-Online (39C831C9-5AE6-47DC-9A44-9C173E1C8E7C): 0
LogDevObjectVersion:   Dev-Physics (78F01B33-EBEA-4F98-B9B4-84EACCB95AA2): 0
LogDevObjectVersion:   Dev-Platform (6631380F-2D4D-43E0-8009-CF276956A95A): 0
LogDevObjectVersion:   Dev-Rendering (12F88B9F-8875-4AFC-A67C-D90C383ABD29): 15
LogDevObjectVersion:   Dev-Sequencer (7B5AE74C-D270-4C10-A958-57980B212A5A): 4
LogDevObjectVersion:   Dev-VR (D7296918-1DD6-4BDD-9DE2-64A83CC13884): 0
LogDevObjectVersion:   Dev-LoadTimes (C2A15278-BFE7-4AFE-6C17-90FF531DF755): 1
LogDevObjectVersion:   Private-Geometry (6EACA3D4-40EC-4CC1-B786-8BED09428FC5): 1
LogDevObjectVersion:   Dev-AnimPhys (29E575DD-E0A3-4627-9D10-D276232CDCEA): 3
LogInit: Compiled (64-bit): Jul 28 2017 11:49:47
LogInit: Compiled with Visual C++: 19.00.24215.01
LogInit: Build Configuration: Development
LogInit: Branch Name: ++UE4+Release-4.16
LogInit: Command line:  
LogInit: Base directory: C:/Program Files/Epic Games/UE_4.16/Engine/Binaries/Win64/
LogInit: Installed Engine Build: 1
LogInit: Presizing for max 8388607 objects, including 0 objects not considered by GC, pre-allocating 0 bytes for permanent pool.
LogInit: Object subsystem initialized
[2017.09.27-01.43.20:976][  0]LogInit: Selected Device Profile: [Windows]
[2017.09.27-01.43.20:976][  0]LogInit: Applying CVar settings loaded from the selected device profile: [Windows]
[2017.09.27-01.43.21:085][  0]LogInit: Computer: 1806C006
[2017.09.27-01.43.21:085][  0]LogInit: User: jaydenfac6880
[2017.09.27-01.43.21:085][  0]LogInit: CPU Page size=4096, Cores=4
[2017.09.27-01.43.21:085][  0]LogInit: High frequency timer resolution =3.312822 MHz
[2017.09.27-01.43.21:101][  0]LogMemory: Memory total: Physical=8.0GB (8GB approx)
[2017.09.27-01.43.21:101][  0]LogMemory: Platform Memory Stats for Windows
[2017.09.27-01.43.21:101][  0]LogMemory: Process Physical Memory: 275.01 MB used, 275.01 MB peak
[2017.09.27-01.43.21:101][  0]LogMemory: Process Virtual Memory: 263.96 MB used, 263.96 MB peak
[2017.09.27-01.43.21:101][  0]LogMemory: Physical Memory: 4833.57 MB used,  3316.59 MB free, 8150.16 MB total
[2017.09.27-01.43.21:101][  0]LogMemory: Virtual Memory: 621.55 MB used,  3316.59 MB free, 8388608.00 MB total
[2017.09.27-01.43.25:743][  0]LogInit: Using OS detected language (en-NZ).
[2017.09.27-01.43.25:743][  0]LogInit: Using OS detected locale (en-NZ).
[2017.09.27-01.43.25:921][  0]LogTextLocalizationManager: No specific localization for 'en-NZ' exists, so the 'en' localization will be used.
[2017.09.27-01.43.30:769][  0]LogD3D11RHI: D3D11 adapters:
[2017.09.27-01.43.30:830][  0]LogD3D11RHI:    0. 'NVIDIA GeForce GTX 760' (Feature Level 11_0)
[2017.09.27-01.43.30:830][  0]LogD3D11RHI:       1989/0/2048 MB DedicatedVideo/DedicatedSystem/SharedSystem, Outputs:2, VendorId:0x10de
[2017.09.27-01.43.30:830][  0]LogD3D11RHI: Chosen D3D11 Adapter: 0
[2017.09.27-01.43.30:916][  0]LogD3D11RHI: Creating new Direct3DDevice
[2017.09.27-01.43.30:940][  0]LogD3D11RHI:     GPU DeviceId: 0x1187 (for the marketing name, search the web for "GPU Device Id")
[2017.09.27-01.43.30:940][  0]LogWindows: EnumDisplayDevices:
[2017.09.27-01.43.30:941][  0]LogWindows:    0. 'NVIDIA GeForce GTX 760' (P:1 D:1)
[2017.09.27-01.43.30:941][  0]LogWindows:    1. 'NVIDIA GeForce GTX 760' (P:0 D:1)
[2017.09.27-01.43.30:941][  0]LogWindows:    2. 'NVIDIA GeForce GTX 760' (P:0 D:0)
[2017.09.27-01.43.30:941][  0]LogWindows:    3. 'NVIDIA GeForce GTX 760' (P:0 D:0)
[2017.09.27-01.43.30:941][  0]LogWindows:    4. 'RDPDD Chained DD' (P:0 D:0)
[2017.09.27-01.43.30:941][  0]LogWindows:    5. 'RDP Encoder Mirror Driver' (P:0 D:0)
[2017.09.27-01.43.30:941][  0]LogWindows:    6. 'RDP Reflector Display Driver' (P:0 D:0)
[2017.09.27-01.43.30:941][  0]LogWindows:    7. 'Mirage Driver' (P:0 D:0)
[2017.09.27-01.43.30:941][  0]LogWindows: DebugString: GetVideoDriverDetailsInvalid PrimaryIsNotTheChoosenAdapter GetVideoDriverDetailsInvalid PrimaryIsNotTheChoosenAdapter GetVideoDriverDetailsInvalid PrimaryIsNotTheChoosenAdapter GetVideoDriverDetailsInvalid PrimaryIsNotTheChoosenAdapter FoundDriverCount:4 
[2017.09.27-01.43.30:941][  0]LogD3D11RHI:     Adapter Name: NVIDIA GeForce GTX 760
[2017.09.27-01.43.30:942][  0]LogD3D11RHI:   Driver Version: 364.72 (internal:10.18.13.6472, unified:364.72)
[2017.09.27-01.43.30:942][  0]LogD3D11RHI:      Driver Date: 3-21-2016
[2017.09.27-01.43.30:942][  0]LogRHI: Texture pool is 1361 MB (70% of 1945 MB)
[2017.09.27-01.43.31:109][  0]LogD3D11RHI: NvAPI_D3D_GetCurrentSLIState failed: 0xfffffff7
[2017.09.27-01.43.31:130][  0]LogD3D11RHI: Async texture creation enabled
[2017.09.27-01.43.31:505][  0]LogD3D11RHI: GPU Timing Frequency: 1000.000000 (Debug: 2 2)
[2017.09.27-01.43.31:841][  0]LogShaderCompilers: Guid format shader working directory is -7 characters bigger than the processId version (D:/Users/jayden.fac6880/Desktop/simple maze - Copy - Copy 4.16/Intermediate/Shaders/WorkingDirectory/3612/).
[2017.09.27-01.43.31:841][  0]LogShaderCompilers: Cleaned the shader compiler working directory 'D:/Users/jayden.fac6880/AppData/Local/Temp/UnrealShaderWorkingDir/41DABE38482A44568B8E01AAA59B6892/'.
[2017.09.27-01.43.31:851][  0]LogShaderCompilers:Display: Using Local Shader Compiler.
[2017.09.27-01.43.35:561][  0]LogTemp:Display: Loaded TP AllDesktopTargetPlatform
[2017.09.27-01.43.35:664][  0]LogTemp:Display: Loaded TP MacClientTargetPlatform
[2017.09.27-01.43.35:765][  0]LogTemp:Display: Loaded TP MacNoEditorTargetPlatform
[2017.09.27-01.43.35:881][  0]LogTemp:Display: Loaded TP MacServerTargetPlatform
[2017.09.27-01.43.36:012][  0]LogTemp:Display: Loaded TP MacTargetPlatform
[2017.09.27-01.43.36:146][  0]LogTemp:Display: Loaded TP WindowsClientTargetPlatform
[2017.09.27-01.43.36:245][  0]LogTemp:Display: Loaded TP WindowsNoEditorTargetPlatform
[2017.09.27-01.43.36:343][  0]LogTemp:Display: Loaded TP WindowsServerTargetPlatform
[2017.09.27-01.43.36:477][  0]LogTemp:Display: Loaded TP WindowsTargetPlatform
[2017.09.27-01.43.36:612][  0]LogTemp:Display: Loaded TP AndroidTargetPlatform
[2017.09.27-01.43.36:719][  0]LogTemp:Display: Loaded TP Android_ASTCTargetPlatform
[2017.09.27-01.43.36:850][  0]LogTemp:Display: Loaded TP Android_ATCTargetPlatform
[2017.09.27-01.43.36:954][  0]LogTemp:Display: Loaded TP Android_DXTTargetPlatform
[2017.09.27-01.43.37:065][  0]LogTemp:Display: Loaded TP Android_ETC1TargetPlatform
[2017.09.27-01.43.37:188][  0]LogTemp:Display: Loaded TP Android_ETC2TargetPlatform
[2017.09.27-01.43.37:570][  0]LogTemp:Display: Loaded TP Android_MultiTargetPlatform
[2017.09.27-01.43.37:570][  0]LogTemp:Display: Loaded TP Android_PVRTCTargetPlatform
[2017.09.27-01.43.37:709][  0]LogTemp:Display: Loaded TP HTML5TargetPlatform
[2017.09.27-01.43.37:953][  0]LogTemp:Display: Loaded TP IOSTargetPlatform
[2017.09.27-01.43.38:007][  0]LogTemp:Display: Loaded TP TVOSTargetPlatform
[2017.09.27-01.43.38:129][  0]LogTemp:Display: Loaded TP LinuxClientTargetPlatform
[2017.09.27-01.43.38:225][  0]LogTemp:Display: Loaded TP LinuxNoEditorTargetPlatform
[2017.09.27-01.43.38:368][  0]LogTemp:Display: Loaded TP LinuxServerTargetPlatform
[2017.09.27-01.43.38:465][  0]LogTemp:Display: Loaded TP LinuxTargetPlatform
[2017.09.27-01.43.38:465][  0]LogTargetPlatformManager:Display: Building Assets For Windows
[2017.09.27-01.43.40:781][  0]LogDerivedDataCache:Display: Max Cache Size: 512 MB
[2017.09.27-01.43.47:659][  0]LogDerivedDataCache: Loaded boot cache 6.85s 90MB D:/Users/jayden.fac6880/AppData/Local/UnrealEngine/4.16/DerivedDataCache/Boot.ddc.
[2017.09.27-01.43.47:659][  0]LogDerivedDataCache:Display: Loaded Boot cache: D:/Users/jayden.fac6880/AppData/Local/UnrealEngine/4.16/DerivedDataCache/Boot.ddc
[2017.09.27-01.43.47:659][  0]LogDerivedDataCache: FDerivedDataBackendGraph:  Pak pak cache file D:/Users/jayden.fac6880/Desktop/simple maze - Copy - Copy 4.16/DerivedDataCache/DDC.ddp not found, will not use a pak cache.
[2017.09.27-01.43.47:659][  0]LogDerivedDataCache: Unable to find inner node Pak for hierarchical cache Hierarchy.
[2017.09.27-01.43.47:659][  0]LogDerivedDataCache: FDerivedDataBackendGraph:  CompressedPak pak cache file D:/Users/jayden.fac6880/Desktop/simple maze - Copy - Copy 4.16/DerivedDataCache/Compressed.ddp not found, will not use a pak cache.
[2017.09.27-01.43.47:659][  0]LogDerivedDataCache: Unable to find inner node CompressedPak for hierarchical cache Hierarchy.
[2017.09.27-01.43.47:841][  0]LogDerivedDataCache:Display: Pak cache opened for reading ../../../Engine/DerivedDataCache/Compressed.ddp.
[2017.09.27-01.43.47:894][  0]LogDerivedDataCache: Using Local data cache path D:/Users/jayden.fac6880/AppData/Local/UnrealEngine/Common/DerivedDataCache: Writable
[2017.09.27-01.43.48:211][  0]LogMaterial: Verifying Global Shaders for PCD3D_SM5
[2017.09.27-01.43.48:518][  0]LogSlate: Using Freetype 2.6.0
[2017.09.27-01.43.48:619][  0]LogSlate: SlateFontCache - WITH_FREETYPE: 1, WITH_HARFBUZZ: 1
[2017.09.27-01.43.48:619][  0]LogSlate: SlateFontCache - WITH_FREETYPE: 1, WITH_HARFBUZZ: 1
[2017.09.27-01.44.08:030][  0]LogInit: Selected Device Profile: [Windows]
[2017.09.27-01.44.08:553][  0]LogContentStreaming: Texture pool size is 0.00 MB
[2017.09.27-01.44.11:193][  0]LogMeshUtilities: Using QuadricMeshReduction for automatic static mesh reduction
[2017.09.27-01.44.11:625][  0]LogSimplygon: Simplygon DLL not present - disabling.
[2017.09.27-01.44.11:743][  0]LogMeshUtilities: Using SimplygonSwarm for distributed automatic mesh merging
[2017.09.27-01.44.11:743][  0]LogMeshUtilities: No automatic skeletal mesh reduction module available
[2017.09.27-01.44.11:743][  0]LogMeshUtilities: No automatic mesh merging module available
[2017.09.27-01.44.18:229][  0]LogNetVersion: MyProject , NetCL: 3452394, EngineNetVer: 2, GameNetVer: 0 (Checksum: 1111101373)
[2017.09.27-01.44.18:728][  0]LogAssetRegistry: FAssetRegistry took 0.0263 seconds to start up
[2017.09.27-01.44.18:922][  0]LogAssetRegistry:Error: Failed to open file for write D:/Users/jayden.fac6880/Desktop/simple maze - Copy - Copy 4.16/Intermediate/AssetRegistryCache/82b4882f.bin
[2017.09.27-01.44.18:989][  0]LogAssetRegistry:Error: Failed to open file for write D:/Users/jayden.fac6880/Desktop/simple maze - Copy - Copy 4.16/Intermediate/AssetRegistryCache/2657c409.bin
[2017.09.27-01.44.19:008][  0]LogAssetRegistry:Error: Failed to open file for write D:/Users/jayden.fac6880/Desktop/simple maze - Copy - Copy 4.16/Intermediate/AssetRegistryCache/c5879afc.bin
[2017.09.27-01.44.19:012][  0]LogAssetRegistry:Error: Failed to open file for write D:/Users/jayden.fac6880/Desktop/simple maze - Copy - Copy 4.16/Intermediate/AssetRegistryCache/866581fd.bin
[2017.09.27-01.44.19:032][  0]LogFileManager:Warning: MoveFile was unable to move 'D:/Users/jayden.fac6880/Desktop/simple maze - Copy - Copy 4.16/Intermediate/AssetRegistryCache/568a84a3.bin.tmp' to 'D:/Users/jayden.fac6880/Desktop/simple maze - Copy - Copy 4.16/Intermediate/AssetRegistryCache/568a84a3.bin', retrying in .5s...
[2017.09.27-01.44.19:532][  0]LogFileManager:Warning: MoveFile was unable to move 'D:/Users/jayden.fac6880/Desktop/simple maze - Copy - Copy 4.16/Intermediate/AssetRegistryCache/568a84a3.bin.tmp' to 'D:/Users/jayden.fac6880/Desktop/simple maze - Copy - Copy 4.16/Intermediate/AssetRegistryCache/568a84a3.bin', retrying in .5s...
[2017.09.27-01.44.20:032][  0]LogFileManager:Warning: MoveFile was unable to move 'D:/Users/jayden.fac6880/Desktop/simple maze - Copy - Copy 4.16/Intermediate/AssetRegistryCache/568a84a3.bin.tmp' to 'D:/Users/jayden.fac6880/Desktop/simple maze - Copy - Copy 4.16/Intermediate/AssetRegistryCache/568a84a3.bin', retrying in .5s...
[2017.09.27-01.44.20:532][  0]LogFileManager:Warning: MoveFile was unable to move 'D:/Users/jayden.fac6880/Desktop/simple maze - Copy - Copy 4.16/Intermediate/AssetRegistryCache/568a84a3.bin.tmp' to 'D:/Users/jayden.fac6880/Desktop/simple maze - Copy - Copy 4.16/Intermediate/AssetRegistryCache/568a84a3.bin', retrying in .5s...
[2017.09.27-01.44.21:032][  0]LogFileManager:Warning: MoveFile was unable to move 'D:/Users/jayden.fac6880/Desktop/simple maze - Copy - Copy 4.16/Intermediate/AssetRegistryCache/568a84a3.bin.tmp' to 'D:/Users/jayden.fac6880/Desktop/simple maze - Copy - Copy 4.16/Intermediate/AssetRegistryCache/568a84a3.bin', retrying in .5s...
[2017.09.27-01.44.21:532][  0]LogFileManager:Warning: MoveFile was unable to move 'D:/Users/jayden.fac6880/Desktop/simple maze - Copy - Copy 4.16/Intermediate/AssetRegistryCache/568a84a3.bin.tmp' to 'D:/Users/jayden.fac6880/Desktop/simple maze - Copy - Copy 4.16/Intermediate/AssetRegistryCache/568a84a3.bin', retrying in .5s...
[2017.09.27-01.44.22:032][  0]LogFileManager:Warning: MoveFile was unable to move 'D:/Users/jayden.fac6880/Desktop/simple maze - Copy - Copy 4.16/Intermediate/AssetRegistryCache/568a84a3.bin.tmp' to 'D:/Users/jayden.fac6880/Desktop/simple maze - Copy - Copy 4.16/Intermediate/AssetRegistryCache/568a84a3.bin', retrying in .5s...
[2017.09.27-01.44.22:532][  0]LogFileManager:Warning: MoveFile was unable to move 'D:/Users/jayden.fac6880/Desktop/simple maze - Copy - Copy 4.16/Intermediate/AssetRegistryCache/568a84a3.bin.tmp' to 'D:/Users/jayden.fac6880/Desktop/simple maze - Copy - Copy 4.16/Intermediate/AssetRegistryCache/568a84a3.bin', retrying in .5s...
[2017.09.27-01.44.23:032][  0]LogFileManager:Warning: MoveFile was unable to move 'D:/Users/jayden.fac6880/Desktop/simple maze - Copy - Copy 4.16/Intermediate/AssetRegistryCache/568a84a3.bin.tmp' to 'D:/Users/jayden.fac6880/Desktop/simple maze - Copy - Copy 4.16/Intermediate/AssetRegistryCache/568a84a3.bin', retrying in .5s...
[2017.09.27-01.44.23:532][  0]LogFileManager:Warning: MoveFile was unable to move 'D:/Users/jayden.fac6880/Desktop/simple maze - Copy - Copy 4.16/Intermediate/AssetRegistryCache/568a84a3.bin.tmp' to 'D:/Users/jayden.fac6880/Desktop/simple maze - Copy - Copy 4.16/Intermediate/AssetRegistryCache/568a84a3.bin', retrying in .5s...
[2017.09.27-01.44.24:032][  0]LogFileManager:Error: Error moving file 'D:/Users/jayden.fac6880/Desktop/simple maze - Copy - Copy 4.16/Intermediate/AssetRegistryCache/568a84a3.bin.tmp' to 'D:/Users/jayden.fac6880/Desktop/simple maze - Copy - Copy 4.16/Intermediate/AssetRegistryCache/568a84a3.bin'.
[2017.09.27-01.44.24:036][  0]LogPackageLocalizationCache: Processed 4 localized package path(s) for 2 prioritized culture(s) in 5.171889 seconds
[2017.09.27-01.44.24:042][  0]LogUObjectArray: 34194 objects as part of root set at end of initial load.
[2017.09.27-01.44.24:042][  0]LogUObjectAllocator: 7260416 out of 0 bytes used by permanent object pool.
[2017.09.27-01.44.24:042][  0]LogUObjectArray: CloseDisregardForGC: 0/0 objects in disregard for GC pool
[2017.09.27-01.44.24:240][  0]LogInit: WinSock: version 1.1 (2.2), MaxSocks=32767, MaxUdp=65467
[2017.09.27-01.45.32:028][  0]LogSubstanceCoreModule: Substance [CPU] Engine Loaded, Max Texture Size = 2048
[2017.09.27-01.45.32:229][  0]LogTcpMessaging: Initializing TcpMessaging bridge
[2017.09.27-01.45.32:316][  0]LogUdpMessaging: Initializing bridge on interface 0.0.0.0:0 to multicast group 230.0.0.1:6666.
[2017.09.27-01.45.34:757][  0]LogConfig:Warning: Failed to saved backup for config[InternationalizationExport]
[2017.09.27-01.45.34:759][  0]LogConfig:Warning: Failed to saved backup for config[TranslationPickerSettings]
[2017.09.27-01.45.35:501][  0]LogMaterial: Uniform references updated for custom material expression Custom.
[2017.09.27-01.45.37:616][  0]LogConfig:Warning: Failed to saved backup for config[SourceControlSettings]
[2017.09.27-01.45.37:617][  0]SourceControl: Info Source control is disabled
[2017.09.27-01.45.37:767][  0]SourceControl: Info Source control is disabled
[2017.09.27-01.45.37:936][  0]SourceControl: Info Source control is disabled
[2017.09.27-01.45.38:097][  0]SourceControl: Info Source control is disabled
[2017.09.27-01.45.40:809][  0]LogAndroidPermission: UAndroidPermissionCallbackProxy::GetInstance
[2017.09.27-01.45.42:246][  0]LogConfig:Warning: Failed to saved backup for config[EditorUserSettings]
[2017.09.27-01.45.43:266][  0]LogEngine: Initializing Engine...
[2017.09.27-01.45.43:348][  0]LogHMD: Failed to initialize OpenVR with code 110
[2017.09.27-01.45.44:509][  0]LogStats: UGameplayTagsManager::ConstructGameplayTagTree: Construct from data asset -  0.000 s
[2017.09.27-01.45.44:540][  0]LogStats: UGameplayTagsManager::ConstructGameplayTagTree: GameplayTagTreeChangedEvent.Broadcast -  0.030 s
[2017.09.27-01.45.52:042][  0]LogAIModule: Creating AISystem for world Untitled
[2017.09.27-01.45.52:568][  0]LogInit: XAudio2 using 'Digital Audio (S/PDIF) (High Definition Audio Device)' : 2 channels at 44.1 kHz using 16 bits per sample (channel mask 0x3)
[2017.09.27-01.45.52:575][  0]LogInit: FAudioDevice initialized.
[2017.09.27-01.45.52:884][  0]LogDerivedDataCache: Saved boot cache 0.29s 90MB D:/Users/jayden.fac6880/AppData/Local/UnrealEngine/4.16/DerivedDataCache/Boot.ddc.
[2017.09.27-01.45.52:919][  0]LogInit: Texture streaming: Enabled
[2017.09.27-01.45.53:822][  0]LogEngineSessionManager: EngineSessionManager initialized
[2017.09.27-01.45.54:970][  0]LogInit: Transaction tracking system initialized
[2017.09.27-01.45.56:446][  0]BlueprintLog: New page: Editor Load
[2017.09.27-01.46.01:264][  0]LogConfig:Warning: Failed to saved backup for config[LocalizationServiceSettings]
[2017.09.27-01.46.01:264][  0]LocalizationService: Info Localization service is disabled
[2017.09.27-01.46.04:535][  0]LogConsoleResponse:Display: 
[2017.09.27-01.46.08:889][  0]LogFileCache: Scanning file cache for directory 'D:/Users/jayden.fac6880/Desktop/simple maze - Copy - Copy 4.16/Content/' took 0.09s
[2017.09.27-01.46.08:889][  0]LogCook:Display: Max memory allowance for cook 16384mb min free memory 0mb
[2017.09.27-01.46.08:889][  0]LogCook:Display: Mobile HDR setting 1
[2017.09.27-01.46.16:372][  0]SourceControl: Info Source control is disabled
[2017.09.27-01.46.16:510][  0]Cmd: MAP LOAD FILE="D:/Users/jayden.fac6880/Desktop/simple maze - Copy - Copy 4.16/Content/MainMenu/MainMenu.umap" TEMPLATE=0 SHOWPROGRESS=1 FEATURELEVEL=3
[2017.09.27-01.46.16:600][  0]LightingResults: New page: Lighting Build
[2017.09.27-01.46.17:016][  0]MapCheck: New page: Map Check
[2017.09.27-01.46.17:016][  0]LightingResults: New page: Lighting Build
[2017.09.27-01.46.23:709][  0]LogAIModule: Creating AISystem for world MainMenu
[2017.09.27-01.46.23:850][  0]LogEditorServer: Finished looking for orphan Actors (0.000 secs)
[2017.09.27-01.46.23:983][  0]Cmd: MAP CHECKDEP NOCLEARLOG
[2017.09.27-01.46.24:143][  0]MapCheck: Info Map check complete: 0 Error(s), 0 Warning(s), took 139.144ms to complete.
[2017.09.27-01.46.24:143][  0]LogFileHelpers: Loading map 'MainMenu' took 7.699
[2017.09.27-01.46.25:616][  0]LogCollectionManager: Loaded 1 collections in 0.002623 seconds
[2017.09.27-01.46.25:843][  0]LogFileCache: Scanning file cache for directory 'D:/Users/jayden.fac6880/Desktop/simple maze - Copy - Copy 4.16/Saved/Collections/' took 0.01s
[2017.09.27-01.46.25:843][  0]LogFileCache: Scanning file cache for directory 'D:/Users/jayden.fac6880/Desktop/simple maze - Copy - Copy 4.16/Content/Developers/jaydenfac6880/Collections/' took 0.01s
[2017.09.27-01.46.25:843][  0]LogFileCache: Scanning file cache for directory 'D:/Users/jayden.fac6880/Desktop/simple maze - Copy - Copy 4.16/Content/Collections/' took 0.01s
[2017.09.27-01.46.25:843][  0]LogCollectionManager: Rebuilt the GUID cache for 1 collections in 0.000004 seconds
[2017.09.27-01.46.25:843][  0]LogCollectionManager: Rebuilt the hierarchy cache for 1 collections in 0.000000 seconds
[2017.09.27-01.46.25:855][  0]LogContentBrowser: Native class hierarchy populated in 0.0108 seconds. Added 2343 classes and 497 folders.
[2017.09.27-01.46.26:084][  0]LogContentBrowser: Native class hierarchy updated for 'WidgetCarousel' in 0.0006 seconds. Added 0 classes and 0 folders.
[2017.09.27-01.46.27:482][  0]LogContentBrowser: Native class hierarchy updated for 'AddContentDialog' in 0.0005 seconds. Added 0 classes and 0 folders.
[2017.09.27-01.46.27:675][  0]LogContentBrowser: Native class hierarchy updated for 'SceneOutliner' in 0.0006 seconds. Added 1 classes and 2 folders.
[2017.09.27-01.46.28:102][  0]LogCrashTracker: Crashtracker disabled due to settings.
[2017.09.27-01.46.28:280][  0]LogSlate: Took 0.016547 seconds to synchronously load lazily loaded font '../../../Engine/Content/Slate/Fonts/Roboto-Regular.ttf' (155K)
[2017.09.27-01.46.28:295][  0]LogSlate: Took 0.012794 seconds to synchronously load lazily loaded font '../../../Engine/Content/Slate/Fonts/Roboto-Bold.ttf' (160K)
[2017.09.27-01.46.28:341][  0]LogSlate: Took 0.018674 seconds to synchronously load lazily loaded font '../../../Engine/Content/Editor/Slate/Fonts/FontAwesome.ttf' (139K)
[2017.09.27-01.46.28:919][  0]LogRenderer: Reallocating scene render targets to support 804x544 NumSamples 1 (Frame:1).
[2017.09.27-01.46.29:678][  0]LogSlate: Took 0.014709 seconds to synchronously load lazily loaded font '../../../Engine/Content/Slate/Fonts/Roboto-Light.ttf' (159K)
[2017.09.27-01.46.29:988][  0]LogUObjectGlobals:Warning: Failed to find object 'Class None.'
[2017.09.27-01.46.30:393][  0]LogContentBrowser: Native class hierarchy updated for 'HierarchicalLODOutliner' in 0.0006 seconds. Added 1 classes and 2 folders.
[2017.09.27-01.46.30:393][  0]LogLoad: (Engine Initialization) Total time: 240.33 seconds
[2017.09.27-01.46.30:393][  0]LogLoad: (Engine Initialization) Total Blueprint compile time: 1.52 seconds
[2017.09.27-01.46.30:393][  0]LogExternalProfiler: Found external profiler: VSPerf
[2017.09.27-01.46.30:393][  0]LogExternalProfiler: Using external profiler: VSPerf
[2017.09.27-01.46.30:795][  0]LogOcInput: OculusInput pre-init called
[2017.09.27-01.46.30:795][  0]LogHMD: Starting GearVRController plugin
[2017.09.27-01.46.31:013][  0]LogContentStreaming: Texture pool size now 1000 MB
[2017.09.27-01.46.31:376][  1]LogAssetRegistry: Asset discovery search completed in 132.6376 seconds
[2017.09.27-01.46.31:378][  1]LogCollectionManager: Rebuilt the object cache for 1 collections in 0.000002 seconds (found 0 objects)
[2017.09.27-01.46.31:378][  1]LogCollectionManager: Fixed up redirectors for 1 collections in 0.000122 seconds (updated 0 objects)
[2017.09.27-01.46.36:027][ 15]LogEditorViewport: Clicking Background
[2017.09.27-01.46.37:684][209]LogTemp: Repeting last play command: New Editor Window (PIE)
[2017.09.27-01.46.37:772][209]LogBlueprintUserMessages: Early PlayInEditor Detection: Level '/Game/MainMenu/MainMenu.MainMenu:PersistentLevel' has LevelScriptBlueprint '/Game/MainMenu/MainMenu.MainMenu:PersistentLevel.MainMenu' with GeneratedClass '/Game/MainMenu/MainMenu.MainMenu_C' with ClassGeneratedBy '/Game/MainMenu/MainMenu.MainMenu:PersistentLevel.MainMenu'
[2017.09.27-01.46.37:784][209]LogPlayLevel: PlayLevel: No blueprints needed recompiling
[2017.09.27-01.46.37:826][209]PIE: New page: PIE session: MainMenu (28/09/2017 3:46:37 am)
[2017.09.27-01.46.37:826][209]LogPlayLevel: Creating play world package: /Game/MainMenu/UEDPIE_0_MainMenu
[2017.09.27-01.46.37:845][209]LogPlayLevel: PIE: StaticDuplicateObject took: (0.018574s)
[2017.09.27-01.46.37:845][209]LogAIModule: Creating AISystem for world MainMenu
[2017.09.27-01.46.37:845][209]LogPlayLevel: PIE: World Init took: (0.000623s)
[2017.09.27-01.46.37:845][209]LogPlayLevel: PIE: Created PIE world by copying editor world from /Game/MainMenu/MainMenu.MainMenu to /Game/MainMenu/UEDPIE_0_MainMenu.MainMenu (0.019393s)
[2017.09.27-01.46.37:876][209]LogInit: XAudio2 using 'Digital Audio (S/PDIF) (High Definition Audio Device)' : 2 channels at 44.1 kHz using 16 bits per sample (channel mask 0x3)
[2017.09.27-01.46.37:883][209]LogInit: FAudioDevice initialized.
[2017.09.27-01.46.38:151][209]LogLoad: Game class is 'FirstPersonGameMode_C'
[2017.09.27-01.46.38:208][209]LogWorld: Bringing World /Game/MainMenu/UEDPIE_0_MainMenu.MainMenu up for play (max tick rate 0) at 2017.09.27-14.46.38
[2017.09.27-01.46.38:216][209]LogWorld: Bringing up level for play took: 0.000731
[2017.09.27-01.46.38:426][209]LogContentBrowser: Native class hierarchy updated for 'MovieSceneCapture' in 0.0007 seconds. Added 11 classes and 0 folders.
[2017.09.27-01.46.38:854][209]PIE: Info Play in editor start time for /Game/MainMenu/UEDPIE_0_MainMenu 0.359
[2017.09.27-01.46.38:855][209]LogBlueprintUserMessages: Late PlayInEditor Detection: Level '/Game/MainMenu/MainMenu.MainMenu:PersistentLevel' has LevelScriptBlueprint '/Game/MainMenu/MainMenu.MainMenu:PersistentLevel.MainMenu' with GeneratedClass '/Game/MainMenu/MainMenu.MainMenu_C' with ClassGeneratedBy '/Game/MainMenu/MainMenu.MainMenu:PersistentLevel.MainMenu'
[2017.09.27-01.46.38:909][209]LogRenderer: Reallocating scene render targets to support 1292x756 NumSamples 1 (Frame:1).
[2017.09.27-01.46.40:223][352]LogNet: Browse: /Game/FirstPersonBP/Maps/FirstPersonExampleMap
[2017.09.27-01.46.40:223][352]LogLoad: LoadMap: /Game/FirstPersonBP/Maps/FirstPersonExampleMap
[2017.09.27-01.46.40:272][352]Cmd: MEM
[2017.09.27-01.46.40:359][352]LogMemory: Platform Memory Stats for Windows
[2017.09.27-01.46.40:359][352]LogMemory: Process Physical Memory: 986.89 MB used, 1079.84 MB peak
[2017.09.27-01.46.40:359][352]LogMemory: Process Virtual Memory: 1454.73 MB used, 1547.21 MB peak
[2017.09.27-01.46.40:359][352]LogMemory: Physical Memory: 6988.04 MB used,  1162.11 MB free, 8150.16 MB total
[2017.09.27-01.46.40:359][352]LogMemory: Virtual Memory: 2132.12 MB used,  1162.11 MB free, 8388608.00 MB total
[2017.09.27-01.46.40:359][352]LogMemory: 
[2017.09.27-01.46.40:359][352]Allocator Stats for TBB: (not implemented)
[2017.09.27-01.46.45:906][352]LogAIModule: Creating AISystem for world FirstPersonExampleMap
[2017.09.27-01.46.45:906][352]LogLoad: Game class is 'ThirdPersonMenuMode_C'
[2017.09.27-01.46.46:431][352]LogWorld: Bringing World /Game/FirstPersonBP/Maps/UEDPIE_0_FirstPersonExampleMap.FirstPersonExampleMap up for play (max tick rate 0) at 2017.09.27-14.46.46
[2017.09.27-01.46.46:527][352]LogBlueprintUserMessages: [plane122] up
[2017.09.27-01.46.46:547][352]LogBlueprintUserMessages: [plane205] up
[2017.09.27-01.46.46:547][352]LogWorld: Bringing up level for play took: 0.638682
[2017.09.27-01.46.46:555][352]LogBlueprintUserMessages: [FirstPersonExampleMap_C_0] i am player 1
[2017.09.27-01.46.46:570][352]LogLoad: Took 6.346230 seconds to LoadMap(/Game/FirstPersonBP/Maps/FirstPersonExampleMap)
[2017.09.27-01.46.54:339][262]LogBlueprintUserMessages: [plane205] north
[2017.09.27-01.46.54:681][297]LogBlueprintUserMessages: [plane31] south
[2017.09.27-01.46.54:689][298]LogBlueprintUserMessages: [plane31] south
[2017.09.27-01.46.54:698][299]LogBlueprintUserMessages: [plane31] south
[2017.09.27-01.46.54:706][300]LogBlueprintUserMessages: [plane31] south
[2017.09.27-01.46.54:715][301]LogBlueprintUserMessages: [plane31] south
[2017.09.27-01.46.54:723][302]LogBlueprintUserMessages: [plane31] south
[2017.09.27-01.46.54:731][303]LogBlueprintUserMessages: [plane31] south
[2017.09.27-01.46.54:740][304]LogBlueprintUserMessages: [plane31] south
[2017.09.27-01.46.54:748][305]LogBlueprintUserMessages: [plane31] south
[2017.09.27-01.46.54:756][306]LogBlueprintUserMessages: [plane31] south
[2017.09.27-01.46.54:765][307]LogBlueprintUserMessages: [plane31] south
[2017.09.27-01.46.54:773][308]LogBlueprintUserMessages: [plane31] south
[2017.09.27-01.46.54:781][309]LogBlueprintUserMessages: [plane31] south
[2017.09.27-01.46.54:790][310]LogBlueprintUserMessages: [plane31] south
[2017.09.27-01.46.54:798][311]LogBlueprintUserMessages: [plane31] south
[2017.09.27-01.46.54:806][312]LogBlueprintUserMessages: [plane31] south
[2017.09.27-01.46.54:815][313]LogBlueprintUserMessages: [plane31] south
[2017.09.27-01.46.54:823][314]LogBlueprintUserMessages: [plane31] south
[2017.09.27-01.46.54:831][315]LogBlueprintUserMessages: [plane31] south
[2017.09.27-01.46.54:840][316]LogBlueprintUserMessages: [plane31] south
[2017.09.27-01.46.54:848][317]LogBlueprintUserMessages: [plane31] south
[2017.09.27-01.46.54:857][318]LogBlueprintUserMessages: [plane31] south
[2017.09.27-01.46.54:865][319]LogBlueprintUserMessages: [plane31] south
[2017.09.27-01.46.54:873][320]LogBlueprintUserMessages: [plane31] south
[2017.09.27-01.46.54:882][321]LogBlueprintUserMessages: [plane31] south
[2017.09.27-01.46.55:091][346]LogBlueprintUserMessages: [plane31] south
[2017.09.27-01.46.55:293][370]LogBlueprintUserMessages: [plane205] north
[2017.09.27-01.46.55:351][377]LogBlueprintUserMessages: [plane205] up
[2017.09.27-01.47.08:454][949]LogBlueprintUserMessages: [plane205] east
[2017.09.27-01.47.08:554][961]LogBlueprintUserMessages: [plane24] west
[2017.09.27-01.47.08:613][968]LogBlueprintUserMessages: [plane24] up
[2017.09.27-01.47.09:213][ 40]LogBlueprintUserMessages: [plane24] east
[2017.09.27-01.47.09:304][ 51]LogBlueprintUserMessages: [plane23] west
[2017.09.27-01.47.09:363][ 58]LogBlueprintUserMessages: [plane23] up
[2017.09.27-01.47.09:963][130]LogBlueprintUserMessages: [plane23] east
[2017.09.27-01.47.10:054][141]LogBlueprintUserMessages: [plane22] west
[2017.09.27-01.47.21:103][463]LogBlueprintUserMessages: [plane99] east
[2017.09.27-01.47.21:146][468]LogBlueprintUserMessages: [plane99] up
[2017.09.27-01.47.22:122][580]LogBlueprintUserMessages: [plane99] east
[2017.09.27-01.47.22:281][599]LogBlueprintUserMessages: [plane122] up
[2017.09.27-01.47.22:531][629]LogBlueprintUserMessages: [plane122] east
[2017.09.27-01.47.22:714][651]LogBlueprintUserMessages: [plane122] up
[2017.09.27-01.47.23:023][688]LogBlueprintUserMessages: [plane122] east
[2017.09.27-01.47.23:247][715]LogBlueprintUserMessages: [plane122] up
[2017.09.27-01.47.23:422][736]LogBlueprintUserMessages: [plane122] south
[2017.09.27-01.47.23:706][770]LogBlueprintUserMessages: [plane122] south
[2017.09.27-01.47.24:031][809]LogBlueprintUserMessages: [plane99] south
[2017.09.27-01.47.24:056][812]LogBlueprintUserMessages: [plane99] east
[2017.09.27-01.47.24:556][872]LogBlueprintUserMessages: [plane99] up
[2017.09.27-01.47.24:822][904]LogBlueprintUserMessages: [plane100] east
[2017.09.27-01.47.24:864][909]LogBlueprintUserMessages: [plane100] up
[2017.09.27-01.47.25:572][994]LogBlueprintUserMessages: [plane101] east
[2017.09.27-01.47.29:148][423]LogBlueprintUserMessages: [plane22] up
[2017.09.27-01.47.29:423][456]LogBlueprintUserMessages: [plane22] north
[2017.09.27-01.47.29:540][470]LogBlueprintUserMessages: [plane33] south
[2017.09.27-01.47.29:590][476]LogBlueprintUserMessages: [plane33] up
[2017.09.27-01.47.30:198][549]LogBlueprintUserMessages: [plane33] north
[2017.09.27-01.47.30:307][562]LogBlueprintUserMessages: [plane34] south
[2017.09.27-01.47.30:357][568]LogBlueprintUserMessages: [plane34] up
[2017.09.27-01.47.35:279][141]LogBlueprintUserMessages: [plane34] east
[2017.09.27-01.47.35:378][153]LogBlueprintUserMessages: [plane86] west
[2017.09.27-01.47.38:413][517]LogBlueprintUserMessages: [plane101] up
[2017.09.27-01.47.39:196][611]LogBlueprintUserMessages: [plane102] east
[2017.09.27-01.47.39:238][616]LogBlueprintUserMessages: [plane102] up
[2017.09.27-01.47.39:946][701]LogBlueprintUserMessages: [plane10] east
[2017.09.27-01.47.39:996][707]LogBlueprintUserMessages: [plane10] up
[2017.09.27-01.47.40:704][792]LogBlueprintUserMessages: [plane11] east
[2017.09.27-01.47.41:213][853]LogBlueprintUserMessages: [plane86] up
[2017.09.27-01.47.41:604][900]LogBlueprintUserMessages: [plane11] up
[2017.09.27-01.47.44:213][213]LogBlueprintUserMessages: [plane86] east
[2017.09.27-01.47.44:363][231]LogBlueprintUserMessages: [plane85] west
[2017.09.27-01.47.44:429][239]LogBlueprintUserMessages: [plane85] up
[2017.09.27-01.47.44:846][289]LogBlueprintUserMessages: [plane12] east
[2017.09.27-01.47.44:896][295]LogBlueprintUserMessages: [plane12] up
[2017.09.27-01.47.45:613][381]LogBlueprintUserMessages: [plane4] east
[2017.09.27-01.47.45:671][388]LogBlueprintUserMessages: [plane4] up
[2017.09.27-01.47.45:963][423]LogBlueprintUserMessages: [plane4] east
[2017.09.27-01.47.46:278][457]LogBlueprintUserMessages: [plane7] south
[2017.09.27-01.47.48:502][724]LogBlueprintUserMessages: Early EndPlayMap Detection: Level '/Game/MainMenu/MainMenu.MainMenu:PersistentLevel' has LevelScriptBlueprint '/Game/MainMenu/MainMenu.MainMenu:PersistentLevel.MainMenu' with GeneratedClass '/Game/MainMenu/MainMenu.MainMenu_C' with ClassGeneratedBy '/Game/MainMenu/MainMenu.MainMenu:PersistentLevel.MainMenu'
[2017.09.27-01.47.48:624][724]LogBlueprintUserMessages: Late EndPlayMap Detection: Level '/Game/MainMenu/MainMenu.MainMenu:PersistentLevel' has LevelScriptBlueprint '/Game/MainMenu/MainMenu.MainMenu:PersistentLevel.MainMenu' with GeneratedClass '/Game/MainMenu/MainMenu.MainMenu_C' with ClassGeneratedBy '/Game/MainMenu/MainMenu.MainMenu:PersistentLevel.MainMenu'
[2017.09.27-01.50.03:886][994]Cmd: QUIT_EDITOR
[2017.09.27-01.50.04:081][994]LogExit: Preparing to exit.
[2017.09.27-01.50.04:592][994]LogExit: Editor shut down
[2017.09.27-01.50.04:595][994]LogExit: Transaction tracking system shut down
[2017.09.27-01.50.05:215][994]LogObj: Freed 0b from 0 cluster array pools.
[2017.09.27-01.50.05:215][994]LogExit: Object subsystem successfully closed.
[2017.09.27-01.50.05:348][994]LogD3D11RHI: Shutdown
[2017.09.27-01.50.05:348][994]LogD3D11RHI: CleanupD3DDevice
[2017.09.27-01.50.05:446][994]LogD3D11RHI: ~FD3D11DynamicRHI
[2017.09.27-01.50.05:739][994]LogModuleManager: Shutting down and abandoning module MovieSceneCapture (530)
[2017.09.27-01.50.05:739][994]LogModuleManager: Shutting down and abandoning module HierarchicalLODOutliner (528)
[2017.09.27-01.50.05:739][994]LogModuleManager: Shutting down and abandoning module CrashTracker (526)
[2017.09.27-01.50.05:739][994]LogModuleManager: Shutting down and abandoning module SceneOutliner (524)
[2017.09.27-01.50.05:739][994]LogModuleManager: Shutting down and abandoning module AddContentDialog (522)
[2017.09.27-01.50.05:739][994]LogDirectoryWatcher: A directory notification for 'C:/Program Files/Epic Games/UE_4.16/FeaturePacks/' was aborted.
[2017.09.27-01.50.05:740][994]LogModuleManager: Shutting down and abandoning module WidgetCarousel (521)
[2017.09.27-01.50.05:740][994]LogModuleManager: Shutting down and abandoning module EditorWidgets (518)
[2017.09.27-01.50.05:740][994]LogModuleManager: Shutting down and abandoning module CollectionManager (516)
[2017.09.27-01.50.05:740][994]LogDirectoryWatcher: A directory notification for 'D:/Users/jayden.fac6880/Desktop/simple maze - Copy - Copy 4.16/Content/Collections/' was aborted.
[2017.09.27-01.50.05:740][994]LogDirectoryWatcher: A directory notification for 'D:/Users/jayden.fac6880/Desktop/simple maze - Copy - Copy 4.16/Content/Developers/jaydenfac6880/Collections/' was aborted.
[2017.09.27-01.50.05:740][994]LogDirectoryWatcher: A directory notification for 'D:/Users/jayden.fac6880/Desktop/simple maze - Copy - Copy 4.16/Saved/Collections/' was aborted.
[2017.09.27-01.50.05:740][994]LogModuleManager: Shutting down and abandoning module StatsViewer (514)
[2017.09.27-01.50.05:740][994]LogModuleManager: Shutting down and abandoning module FoliageEdit (512)
[2017.09.27-01.50.05:740][994]LogModuleManager: Shutting down and abandoning module LandscapeEditor (510)
[2017.09.27-01.50.05:755][994]LogModuleManager: Shutting down and abandoning module MeshPaintMode (508)
[2017.09.27-01.50.05:755][994]LogModuleManager: Shutting down and abandoning module SceneDepthPickerMode (506)
[2017.09.27-01.50.05:755][994]LogModuleManager: Shutting down and abandoning module ActorPickerMode (504)
[2017.09.27-01.50.05:755][994]LogModuleManager: Shutting down and abandoning module GeometryMode (502)
[2017.09.27-01.50.05:755][994]LogModuleManager: Shutting down and abandoning module TextureAlignMode (500)
[2017.09.27-01.50.05:755][994]LogModuleManager: Shutting down and abandoning module BspMode (498)
[2017.09.27-01.50.05:755][994]LogModuleManager: Shutting down and abandoning module HardwareSurvey (496)
[2017.09.27-01.50.05:755][994]LogModuleManager: Shutting down and abandoning module SequenceRecorderSections (494)
[2017.09.27-01.50.05:755][994]LogModuleManager: Shutting down and abandoning module AutomationWorker (492)
[2017.09.27-01.50.05:755][994]LogModuleManager: Shutting down and abandoning module MatineeToLevelSequence (490)
[2017.09.27-01.50.05:755][994]LogModuleManager: Shutting down and abandoning module LevelSequenceEditor (488)
[2017.09.27-01.50.05:772][994]LogModuleManager: Shutting down and abandoning module PlacementMode (487)
[2017.09.27-01.50.05:772][994]LogModuleManager: Shutting down and abandoning module WmfMediaFactory (484)
[2017.09.27-01.50.05:772][994]LogModuleManager: Shutting down and abandoning module WmfMediaEditor (482)
[2017.09.27-01.50.05:772][994]LogModuleManager: Shutting down and abandoning module AvfMediaFactory (480)
[2017.09.27-01.50.05:772][994]LogModuleManager: Shutting down and abandoning module AvfMediaEditor (478)
[2017.09.27-01.50.05:772][994]LogModuleManager: Shutting down and abandoning module AndroidMediaFactory (476)
[2017.09.27-01.50.05:772][994]LogModuleManager: Shutting down and abandoning module Media (475)
[2017.09.27-01.50.05:772][994]LogModuleManager: Shutting down and abandoning module AndroidMediaEditor (472)
[2017.09.27-01.50.05:772][994]LogModuleManager: Shutting down and abandoning module CharacterAI (470)
[2017.09.27-01.50.05:772][994]LogModuleManager: Shutting down and abandoning module AudioCapture (468)
[2017.09.27-01.50.05:773][994]LogModuleManager: Shutting down and abandoning module SequenceRecorder (467)
[2017.09.27-01.50.05:782][994]LogModuleManager: Shutting down and abandoning module SmartSnapping (464)
[2017.09.27-01.50.05:782][994]LogModuleManager: Shutting down and abandoning module SessionServices (462)
[2017.09.27-01.50.05:782][994]LogModuleManager: Shutting down and abandoning module ViewportSnapping (460)
[2017.09.27-01.50.05:782][994]LogModuleManager: Shutting down and abandoning module ViewportInteraction (458)
[2017.09.27-01.50.05:782][994]LogModuleManager: Shutting down and abandoning module ClothPainter (456)
[2017.09.27-01.50.05:788][994]LogModuleManager: Shutting down and abandoning module LogVisualizer (454)
[2017.09.27-01.50.05:789][994]LogModuleManager: Shutting down and abandoning module IntroTutorials (452)
[2017.09.27-01.50.05:789][994]LogModuleManager: Shutting down and abandoning module GameProjectGeneration (451)
[2017.09.27-01.50.05:814][994]LogModuleManager: Shutting down and abandoning module EditorLiveStreaming (448)
[2017.09.27-01.50.05:814][994]LogModuleManager: Shutting down and abandoning module IOSPlatformEditor (446)
[2017.09.27-01.50.05:815][994]LogModuleManager: Shutting down and abandoning module HTML5PlatformEditor (444)
[2017.09.27-01.50.05:815][994]LogModuleManager: Shutting down and abandoning module AndroidPlatformEditor (442)
[2017.09.27-01.50.05:815][994]LogModuleManager: Shutting down and abandoning module AndroidDeviceDetection (441)
[2017.09.27-01.50.06:622][994]LogModuleManager: Shutting down and abandoning module IOSRuntimeSettings (438)
[2017.09.27-01.50.06:622][994]LogModuleManager: Shutting down and abandoning module AndroidRuntimeSettings (436)
[2017.09.27-01.50.06:622][994]LogModuleManager: Shutting down and abandoning module InputBindingEditor (434)
[2017.09.27-01.50.06:623][994]LogModuleManager: Shutting down and abandoning module MergeActors (432)
[2017.09.27-01.50.06:623][994]LogModuleManager: Shutting down and abandoning module SizeMap (430)
[2017.09.27-01.50.06:623][994]LogModuleManager: Shutting down and abandoning module TreeMap (428)
[2017.09.27-01.50.06:636][994]LogModuleManager: Shutting down and abandoning module ReferenceViewer (426)
[2017.09.27-01.50.06:636][994]LogModuleManager: Shutting down and abandoning module LocalizationDashboard (424)
[2017.09.27-01.50.06:644][994]LogModuleManager: Shutting down and abandoning module LocalizationService (423)
[2017.09.27-01.50.06:644][994]LogModuleManager: Shutting down and abandoning module HardwareTargeting (420)
[2017.09.27-01.50.06:644][994]LogModuleManager: Shutting down and abandoning module DeviceProfileEditor (418)
[2017.09.27-01.50.06:653][994]LogModuleManager: Shutting down and abandoning module UndoHistory (416)
[2017.09.27-01.50.06:653][994]LogModuleManager: Shutting down and abandoning module UserFeedback (414)
[2017.09.27-01.50.06:653][994]LogModuleManager: Shutting down and abandoning module XmlParser (412)
[2017.09.27-01.50.06:653][994]LogModuleManager: Shutting down and abandoning module Blutility (410)
[2017.09.27-01.50.06:653][994]LogModuleManager: Shutting down and abandoning module ProjectSettingsViewer (408)
[2017.09.27-01.50.06:653][994]LogModuleManager: Shutting down and abandoning module ProjectTargetPlatformEditor (407)
[2017.09.27-01.50.06:653][994]LogModuleManager: Shutting down and abandoning module EditorSettingsViewer (404)
[2017.09.27-01.50.06:653][994]LogModuleManager: Shutting down and abandoning module SettingsEditor (402)
[2017.09.27-01.50.06:653][994]LogModuleManager: Shutting down and abandoning module ProjectLauncher (400)
[2017.09.27-01.50.06:667][994]LogModuleManager: Shutting down and abandoning module SessionFrontend (398)
[2017.09.27-01.50.06:677][994]LogModuleManager: Shutting down and abandoning module ProfilerClient (396)
[2017.09.27-01.50.06:690][994]LogModuleManager: Shutting down and abandoning module DeviceManager (394)
[2017.09.27-01.50.06:691][994]LogModuleManager: Shutting down and abandoning module TargetDeviceServices (393)
[2017.09.27-01.50.06:741][994]LogModuleManager: Shutting down and abandoning module AutomationController (390)
[2017.09.27-01.50.06:741][994]LogModuleManager: Shutting down and abandoning module AutomationWindow (388)
[2017.09.27-01.50.06:759][994]LogModuleManager: Shutting down and abandoning module Layers (386)
[2017.09.27-01.50.06:772][994]LogModuleManager: Shutting down and abandoning module ComponentVisualizers (384)
[2017.09.27-01.50.06:772][994]LogModuleManager: Shutting down and abandoning module DetailCustomizations (382)
[2017.09.27-01.50.06:784][994]LogModuleManager: Shutting down and abandoning module PackagesDialog (380)
[2017.09.27-01.50.06:784][994]LogModuleManager: Shutting down and abandoning module Persona (378)
[2017.09.27-01.50.06:789][994]LogModuleManager: Shutting down and abandoning module AdvancedPreviewScene (377)
[2017.09.27-01.50.06:789][994]LogModuleManager: Shutting down and abandoning module AnimGraph (375)
[2017.09.27-01.50.06:789][994]LogModuleManager: Shutting down and abandoning module Kismet (372)
[2017.09.27-01.50.06:790][994]LogModuleManager: Shutting down and abandoning module ClassViewer (370)
[2017.09.27-01.50.06:790][994]LogModuleManager: Shutting down and abandoning module Toolbox (368)
[2017.09.27-01.50.06:790][994]LogModuleManager: Shutting down and abandoning module ModuleUI (366)
[2017.09.27-01.50.06:808][994]LogModuleManager: Shutting down and abandoning module MovieSceneTools (364)
[2017.09.27-01.50.06:808][994]LogModuleManager: Shutting down and abandoning module OutputLog (362)
[2017.09.27-01.50.06:808][994]LogModuleManager: Shutting down and abandoning module GammaUI (360)
[2017.09.27-01.50.06:818][994]LogModuleManager: Shutting down and abandoning module Documentation (358)
[2017.09.27-01.50.06:818][994]LogModuleManager: Shutting down and abandoning module MovieSceneTracks (356)
[2017.09.27-01.50.06:818][994]LogModuleManager: Shutting down and abandoning module MovieScene (354)
[2017.09.27-01.50.06:818][994]LogModuleManager: Shutting down and abandoning module Niagara (352)
[2017.09.27-01.50.06:818][994]LogModuleManager: Shutting down and abandoning module NiagaraEditor (351)
[2017.09.27-01.50.06:831][994]LogModuleManager: Shutting down and abandoning module StreamingPauseRendering (348)
[2017.09.27-01.50.06:831][994]LogModuleManager: Shutting down and abandoning module AnalyticsET (346)
[2017.09.27-01.50.06:831][994]LogModuleManager: Shutting down and abandoning module PortalServices (344)
[2017.09.27-01.50.06:831][994]LogModuleManager: Shutting down and abandoning module PortalRpc (342)
[2017.09.27-01.50.06:831][994]LogModuleManager: Shutting down and abandoning module MessagingRpc (340)
[2017.09.27-01.50.06:831][994]LogModuleManager: Shutting down and abandoning module AIModule (338)
[2017.09.27-01.50.06:831][994]LogModuleManager: Shutting down and abandoning module GameplayDebugger (337)
[2017.09.27-01.50.06:831][994]LogModuleManager: Shutting down and abandoning module AITestSuite (335)
[2017.09.27-01.50.06:831][994]LogModuleManager: Shutting down and abandoning module ProfilerService (332)
[2017.09.27-01.50.06:860][994]LogModuleManager: Shutting down and abandoning module TaskGraph (330)
[2017.09.27-01.50.06:860][994]LogModuleManager: Shutting down and abandoning module SubstanceEditor (328)
[2017.09.27-01.50.06:876][994]LogModuleManager: Shutting down and abandoning module SteamVRController (326)
[2017.09.27-01.50.06:876][994]LogModuleManager: Shutting down and abandoning module SteamVR (324)
[2017.09.27-01.50.06:876][994]LogModuleManager: Shutting down and abandoning module ProceduralMeshComponentEditor (322)
[2017.09.27-01.50.06:876][994]LogModuleManager: Shutting down and abandoning module ProceduralMeshComponent (320)
[2017.09.27-01.50.06:876][994]LogModuleManager: Shutting down and abandoning module OculusLibrary (318)
[2017.09.27-01.50.06:876][994]LogModuleManager: Shutting down and abandoning module OculusInput (316)
[2017.09.27-01.50.06:876][994]LogModuleManager: Shutting down and abandoning module MobilePatchingUtils (314)
[2017.09.27-01.50.06:876][994]LogModuleManager: Shutting down and abandoning module CustomMeshComponent (312)
[2017.09.27-01.50.06:876][994]LogModuleManager: Shutting down and abandoning module CableComponent (310)
[2017.09.27-01.50.06:876][994]LogModuleManager: Shutting down and abandoning module ArchVisCharacter (308)
[2017.09.27-01.50.06:876][994]LogModuleManager: Shutting down and abandoning module AndroidPermission (306)
[2017.09.27-01.50.06:876][994]LogModuleManager: Shutting down and abandoning module MediaPlayerEditor (302)
[2017.09.27-01.50.06:882][994]LogModuleManager: Shutting down and abandoning module HTML5Networking (300)
[2017.09.27-01.50.06:882][994]LogModuleManager: Shutting down and abandoning module AlembicImporter (298)
[2017.09.27-01.50.06:890][994]LogModuleManager: Shutting down and abandoning module AlembicLibrary (297)
[2017.09.27-01.50.06:890][994]LogModuleManager: Shutting down and abandoning module GeometryCache (296)
[2017.09.27-01.50.06:890][994]LogModuleManager: Shutting down and abandoning module GeometryCacheEd (295)
[2017.09.27-01.50.06:890][994]LogModuleManager: Shutting down and abandoning module SuperSearchEditor (290)
[2017.09.27-01.50.06:890][994]LogModuleManager: Shutting down and abandoning module SuperSearch (289)
[2017.09.27-01.50.06:890][994]LogModuleManager: Shutting down and abandoning module SpeedTreeImporter (286)
[2017.09.27-01.50.06:890][994]LogModuleManager: Shutting down and abandoning module PluginBrowser (284)
[2017.09.27-01.50.06:890][994]LogModuleManager: Shutting down and abandoning module MobileLauncherProfileWizard (282)
[2017.09.27-01.50.06:890][994]LogModuleManager: Shutting down and abandoning module VisualStudioSourceCodeAccess (280)
[2017.09.27-01.50.06:890][994]LogModuleManager: Shutting down and abandoning module DesktopPlatform (279)
[2017.09.27-01.50.06:891][994]LogModuleManager: Shutting down and abandoning module UObjectPlugin (276)
[2017.09.27-01.50.06:891][994]LogModuleManager: Shutting down and abandoning module SubversionSourceControl (274)
[2017.09.27-01.50.06:891][994]LogModuleManager: Shutting down and abandoning module PerforceSourceControl (272)
[2017.09.27-01.50.06:891][994]LogModuleManager: Shutting down and abandoning module GitSourceControl (270)
[2017.09.27-01.50.06:891][994]LogModuleManager: Shutting down and abandoning module SourceControl (269)
[2017.09.27-01.50.06:891][994]LogModuleManager: Shutting down and abandoning module LightPropagationVolumeEditor (266)
[2017.09.27-01.50.06:891][994]LogModuleManager: Shutting down and abandoning module PaperTiledImporter (264)
[2017.09.27-01.50.06:891][994]LogModuleManager: Shutting down and abandoning module PaperSpriteSheetImporter (262)
[2017.09.27-01.50.06:891][994]LogModuleManager: Shutting down and abandoning module Paper2DEditor (260)
[2017.09.27-01.50.06:891][994]LogModuleManager: Shutting down and abandoning module MeshPaint (259)
[2017.09.27-01.50.06:891][994]LogModuleManager: Shutting down and abandoning module LevelEditor (257)
[2017.09.27-01.50.06:891][994]LogModuleManager: Shutting down and abandoning module PixelInspectorModule (256)
[2017.09.27-01.50.06:891][994]LogModuleManager: Shutting down and abandoning module MainFrame (254)
[2017.09.27-01.50.06:891][994]LogModuleManager: Shutting down and abandoning module HotReload (253)
[2017.09.27-01.50.06:891][994]LogDirectoryWatcher: A directory notification for 'D:/Users/jayden.fac6880/Desktop/simple maze - Copy - Copy 4.16/Binaries/Win64' was aborted.
[2017.09.27-01.50.06:892][994]LogModuleManager: Shutting down and abandoning module PhysXVehiclesEditor (248)
[2017.09.27-01.50.06:892][994]LogModuleManager: Shutting down and abandoning module PhysXVehicles (246)
[2017.09.27-01.50.06:892][994]LogModuleManager: Shutting down and abandoning module LocationServicesBPLibrary (244)
[2017.09.27-01.50.06:892][994]LogModuleManager: Shutting down and abandoning module ImmediatePhysicsEditor (242)
[2017.09.27-01.50.06:892][994]LogModuleManager: Shutting down and abandoning module ImmediatePhysics (240)
[2017.09.27-01.50.06:892][994]LogModuleManager: Shutting down and abandoning module UdpMessaging (238)
[2017.09.27-01.50.06:992][994]LogModuleManager: Shutting down and abandoning module TcpMessaging (236)
[2017.09.27-01.50.07:092][994]LogModuleManager: Shutting down and abandoning module SubstanceCore (234)
[2017.09.27-01.50.07:092][994]LogModuleManager: Shutting down and abandoning module GameplayTagsEditor (232)
[2017.09.27-01.50.07:092][994]LogModuleManager: Shutting down and abandoning module FacialAnimationEditor (230)
[2017.09.27-01.50.07:092][994]LogModuleManager: Shutting down and abandoning module FacialAnimation (228)
[2017.09.27-01.50.07:092][994]LogModuleManager: Shutting down and abandoning module AssetManagerEditor (226)
[2017.09.27-01.50.07:093][994]LogModuleManager: Shutting down and abandoning module GraphEditor (225)
[2017.09.27-01.50.07:128][994]LogModuleManager: Shutting down and abandoning module ContentBrowser (223)
[2017.09.27-01.50.07:129][994]LogModuleManager: Shutting down and abandoning module LightPropagationVolumeRuntime (220)
[2017.09.27-01.50.07:129][994]LogModuleManager: Shutting down and abandoning module Paper2D (218)
[2017.09.27-01.50.07:129][994]LogModuleManager: Shutting down and abandoning module WindowsMoviePlayer (216)
[2017.09.27-01.50.07:129][994]LogModuleManager: Shutting down and abandoning module WmfMedia (214)
[2017.09.27-01.50.07:130][994]LogModuleManager: Shutting down and abandoning module ClothingSystemEditor (212)
[2017.09.27-01.50.07:130][994]LogModuleManager: Shutting down and abandoning module ClothingSystemRuntime (210)
[2017.09.27-01.50.07:144][994]LogModuleManager: Shutting down and abandoning module MediaAssets (208)
[2017.09.27-01.50.07:144][994]LogModuleManager: Shutting down and abandoning module GameLiveStreaming (206)
[2017.09.27-01.50.07:144][994]LogModuleManager: Shutting down and abandoning module VREditor (204)
[2017.09.27-01.50.07:144][994]LogModuleManager: Shutting down and abandoning module StringTableEditor (202)
[2017.09.27-01.50.07:156][994]LogModuleManager: Shutting down and abandoning module GameplayTasksEditor (200)
[2017.09.27-01.50.07:156][994]LogModuleManager: Shutting down and abandoning module BehaviorTreeEditor (198)
[2017.09.27-01.50.07:171][994]LogModuleManager: Shutting down and abandoning module FunctionalTesting (196)
[2017.09.27-01.50.07:171][994]LogModuleManager: Shutting down and abandoning module CollisionAnalyzer (194)
[2017.09.27-01.50.07:182][994]LogModuleManager: Shutting down and abandoning module UMG (192)
[2017.09.27-01.50.07:182][994]LogModuleManager: Shutting down and abandoning module UMGEditor (191)
[2017.09.27-01.50.07:189][994]LogModuleManager: Shutting down and abandoning module Sequencer (190)
[2017.09.27-01.50.07:201][994]LogModuleManager: Shutting down and abandoning module AssetTools (188)
[2017.09.27-01.50.07:249][994]LogModuleManager: Shutting down and abandoning module MessageLog (187)
[2017.09.27-01.50.07:249][994]LogModuleManager: Shutting down and abandoning module WorkspaceMenuStructure (186)
[2017.09.27-01.50.07:249][994]LogModuleManager: Shutting down and abandoning module SlateReflector (180)
[2017.09.27-01.50.07:258][994]LogModuleManager: Shutting down and abandoning module Slate (178)
[2017.09.27-01.50.07:258][994]LogModuleManager: Shutting down and abandoning module EditorStyle (176)
[2017.09.27-01.50.07:261][994]LogModuleManager: Shutting down and abandoning module SourceCodeAccess (174)
[2017.09.27-01.50.07:261][994]LogModuleManager: Shutting down and abandoning module HeadMountedDisplay (172)
[2017.09.27-01.50.07:261][994]LogModuleManager: Shutting down and abandoning module XAudio2 (170)
[2017.09.27-01.50.07:261][994]LogModuleManager: Shutting down and abandoning module Networking (168)
[2017.09.27-01.50.07:261][994]LogModuleManager: Shutting down and abandoning module Core (164)
[2017.09.27-01.50.07:261][994]LogModuleManager: Shutting down and abandoning module AssetRegistry (162)
[2017.09.27-01.50.07:356][994]LogDirectoryWatcher: A directory notification for '../../../Engine/Content/' was aborted.
[2017.09.27-01.50.07:357][994]LogDirectoryWatcher: A directory notification for 'D:/Users/jayden.fac6880/Desktop/simple maze - Copy - Copy 4.16/Content/' was aborted.
[2017.09.27-01.50.07:357][994]LogDirectoryWatcher: A directory notification for '../../../Engine/Plugins/2D/Paper2D/Content/' was aborted.
[2017.09.27-01.50.07:357][994]LogDirectoryWatcher: A directory notification for '../../../Engine/Plugins/Runtime/GearVR/Content/' was aborted.
[2017.09.27-01.50.07:359][994]LogModuleManager: Shutting down and abandoning module DirectoryWatcher (161)
[2017.09.27-01.50.07:359][994]LogModuleManager: Shutting down and abandoning module KismetCompiler (158)
[2017.09.27-01.50.07:359][994]LogModuleManager: Shutting down and abandoning module PhysXFormats (156)
[2017.09.27-01.50.07:359][994]LogModuleManager: Shutting down and abandoning module MeshUtilities (154)
[2017.09.27-01.50.07:359][994]LogModuleManager: Shutting down and abandoning module SimplygonSwarm (153)
[2017.09.27-01.50.07:359][994]LogModuleManager: Shutting down and abandoning module SimplygonMeshReduction (151)
[2017.09.27-01.50.07:359][994]LogModuleManager: Shutting down and abandoning module QuadricMeshReduction (149)
[2017.09.27-01.50.07:359][994]LogModuleManager: Shutting down and abandoning module LevelSequence (146)
[2017.09.27-01.50.07:359][994]LogModuleManager: Shutting down and abandoning module DerivedDataCache (144)
[2017.09.27-01.50.07:425][994]LogDerivedDataCache: Shutdown
[2017.09.27-01.50.07:425][994]LogModuleManager: Shutting down and abandoning module TargetPlatform (142)
[2017.09.27-01.50.07:425][994]LogModuleManager: Shutting down and abandoning module VulkanShaderFormat (141)
[2017.09.27-01.50.07:425][994]LogModuleManager: Shutting down and abandoning module ShaderFormatVectorVM (139)
[2017.09.27-01.50.07:445][994]LogModuleManager: Shutting down and abandoning module ShaderFormatOpenGL (137)
[2017.09.27-01.50.07:454][994]LogModuleManager: Shutting down and abandoning module ShaderFormatD3D (135)
[2017.09.27-01.50.07:454][994]LogModuleManager: Shutting down and abandoning module MetalShaderFormat (133)
[2017.09.27-01.50.07:465][994]LogModuleManager: Shutting down and abandoning module TextureFormatUncompressed (131)
[2017.09.27-01.50.07:465][994]LogModuleManager: Shutting down and abandoning module TextureFormatPVR (129)
[2017.09.27-01.50.07:465][994]LogModuleManager: Shutting down and abandoning module TextureFormatDXT (127)
[2017.09.27-01.50.07:465][994]LogModuleManager: Shutting down and abandoning module TextureFormatIntelISPCTexComp (125)
[2017.09.27-01.50.07:465][994]LogModuleManager: Shutting down and abandoning module TextureFormatASTC (123)
[2017.09.27-01.50.07:465][994]LogModuleManager: Shutting down and abandoning module ImageWrapper (122)
[2017.09.27-01.50.07:465][994]LogModuleManager: Shutting down and abandoning module TextureFormatAndroid (119)
[2017.09.27-01.50.07:465][994]LogModuleManager: Shutting down and abandoning module AudioFormatOpus (117)
[2017.09.27-01.50.07:465][994]LogModuleManager: Shutting down and abandoning module AudioFormatOgg (115)
[2017.09.27-01.50.07:465][994]LogModuleManager: Shutting down and abandoning module AudioFormatADPCM (113)
[2017.09.27-01.50.07:465][994]LogModuleManager: Shutting down and abandoning module LinuxTargetPlatform (111)
[2017.09.27-01.50.07:465][994]LogModuleManager: Shutting down and abandoning module LinuxServerTargetPlatform (109)
[2017.09.27-01.50.07:465][994]LogModuleManager: Shutting down and abandoning module LinuxNoEditorTargetPlatform (107)
[2017.09.27-01.50.07:465][994]LogModuleManager: Shutting down and abandoning module LinuxClientTargetPlatform (105)
[2017.09.27-01.50.07:465][994]LogModuleManager: Shutting down and abandoning module TVOSTargetPlatform (103)
[2017.09.27-01.50.07:465][994]LogModuleManager: Shutting down and abandoning module Messaging (101)
[2017.09.27-01.50.07:465][994]LogModuleManager: Shutting down and abandoning module IOSTargetPlatform (99)
[2017.09.27-01.50.07:465][994]LogModuleManager: Shutting down and abandoning module HTML5TargetPlatform (97)
[2017.09.27-01.50.07:465][994]LogModuleManager: Shutting down and abandoning module Android_PVRTCTargetPlatform (95)
[2017.09.27-01.50.07:465][994]LogModuleManager: Shutting down and abandoning module Android_MultiTargetPlatform (93)
[2017.09.27-01.50.07:465][994]LogModuleManager: Shutting down and abandoning module Android_ETC2TargetPlatform (91)
[2017.09.27-01.50.07:465][994]LogModuleManager: Shutting down and abandoning module Android_ETC1TargetPlatform (89)
[2017.09.27-01.50.07:465][994]LogModuleManager: Shutting down and abandoning module Android_DXTTargetPlatform (87)
[2017.09.27-01.50.07:465][994]LogModuleManager: Shutting down and abandoning module Android_ATCTargetPlatform (85)
[2017.09.27-01.50.07:465][994]LogModuleManager: Shutting down and abandoning module Android_ASTCTargetPlatform (83)
[2017.09.27-01.50.07:465][994]LogModuleManager: Shutting down and abandoning module AndroidTargetPlatform (81)
[2017.09.27-01.50.07:465][994]LogModuleManager: Shutting down and abandoning module WindowsTargetPlatform (79)
[2017.09.27-01.50.07:465][994]LogModuleManager: Shutting down and abandoning module WindowsServerTargetPlatform (77)
[2017.09.27-01.50.07:465][994]LogModuleManager: Shutting down and abandoning module WindowsNoEditorTargetPlatform (75)
[2017.09.27-01.50.07:465][994]LogModuleManager: Shutting down and abandoning module WindowsClientTargetPlatform (73)
[2017.09.27-01.50.07:465][994]LogModuleManager: Shutting down and abandoning module MacTargetPlatform (71)
[2017.09.27-01.50.07:465][994]LogModuleManager: Shutting down and abandoning module MacServerTargetPlatform (69)
[2017.09.27-01.50.07:465][994]LogModuleManager: Shutting down and abandoning module MacNoEditorTargetPlatform (67)
[2017.09.27-01.50.07:465][994]LogModuleManager: Shutting down and abandoning module MacClientTargetPlatform (65)
[2017.09.27-01.50.07:465][994]LogModuleManager: Shutting down and abandoning module AllDesktopTargetPlatform (63)
[2017.09.27-01.50.07:465][994]LogModuleManager: Shutting down and abandoning module InputCore (60)
[2017.09.27-01.50.07:465][994]LogModuleManager: Shutting down and abandoning module Settings (58)
[2017.09.27-01.50.07:465][994]LogModuleManager: Shutting down and abandoning module OculusRift (56)
[2017.09.27-01.50.07:471][994]LogModuleManager: Shutting down and abandoning module GearVRController (54)
[2017.09.27-01.50.07:471][994]LogModuleManager: Shutting down and abandoning module GearVR (52)
[2017.09.27-01.50.07:488][994]LogModuleManager: Shutting down and abandoning module ExampleDeviceProfileSelector (50)
[2017.09.27-01.50.07:488][994]LogModuleManager: Shutting down and abandoning module OnlineBlueprintSupport (48)
[2017.09.27-01.50.07:488][994]LogModuleManager: Shutting down and abandoning module OnlineSubsystem (44)
[2017.09.27-01.50.07:488][994]LogOnline:Display: Unloading online subsystem: NULL
[2017.09.27-01.50.07:495][994]LogModuleManager: Shutting down and abandoning module XMPP (43)
[2017.09.27-01.50.07:514][994]LogModuleManager: Shutting down and abandoning module HTTP (41)
[2017.09.27-01.50.07:514][994]LogHttp:Display: Http module shutting down, but needs to wait on 1 outstanding Http requests:
[2017.09.27-01.50.07:514][994]LogHttp:Display: 	verb=[POST] url=[https://datarouter.ol.epicgames.com/datarouter/api/v1/public/data?SessionID=%7B0168CB01-4A0E-14F5-2886-24A0CAB09161%7D&AppID=UEEditor.Rocket.Release&AppVersion=4.16.3-3561208%2B%2B%2BUE4%2BRelease-4.16&UserID=334160934339469514a1f0b6b2b24a98%7Cac823143dd4246109a925ff03c33a947%7C1dc7be41-1ddc-4eb8-88fe-3dc52ce6ecc7&AppEnvironment=datacollector-binary&UploadType=eteventstream] status=Processing
[2017.09.27-01.50.07:531][994]LogModuleManager: Shutting down and abandoning module SSL (40)
[2017.09.27-01.50.07:533][994]LogModuleManager: Shutting down and abandoning module HTTPChunkInstaller (36)
[2017.09.27-01.50.07:562][994]LogModuleManager: Shutting down and abandoning module AnimationModifiers (34)
[2017.09.27-01.50.07:576][994]LogModuleManager: Shutting down and abandoning module PropertyEditor (33)
[2017.09.27-01.50.07:576][994]LogModuleManager: Shutting down and abandoning module AudioEditor (30)
[2017.09.27-01.50.07:577][994]LogModuleManager: Shutting down and abandoning module TextureCompressor (28)
[2017.09.27-01.50.07:578][994]LogModuleManager: Shutting down and abandoning module ShaderCore (26)
[2017.09.27-01.50.07:578][994]LogModuleManager: Shutting down and abandoning module Landscape (24)
[2017.09.27-01.50.07:578][994]LogModuleManager: Shutting down and abandoning module SlateRHIRenderer (22)
[2017.09.27-01.50.07:590][994]LogModuleManager: Shutting down and abandoning module OpenGLDrv (20)
[2017.09.27-01.50.07:603][994]LogModuleManager: Shutting down and abandoning module D3D11RHI (18)
[2017.09.27-01.50.07:603][994]LogModuleManager: Shutting down and abandoning module AnimGraphRuntime (16)
[2017.09.27-01.50.07:617][994]LogModuleManager: Shutting down and abandoning module Renderer (14)
[2017.09.27-01.50.07:617][994]LogModuleManager: Shutting down and abandoning module Engine (12)
[2017.09.27-01.50.07:617][994]LogModuleManager: Shutting down and abandoning module CoreUObject (10)
[2017.09.27-01.50.07:617][994]LogModuleManager: Shutting down and abandoning module NetworkFile (8)
[2017.09.27-01.50.07:627][994]LogModuleManager: Shutting down and abandoning module StreamingFile (6)
[2017.09.27-01.50.07:642][994]LogModuleManager: Shutting down and abandoning module SandboxFile (4)
[2017.09.27-01.50.07:642][994]LogModuleManager: Shutting down and abandoning module PakFile (2)
[2017.09.27-01.50.07:663][994]LogExit: Exiting.
[2017.09.27-01.50.07:670][994]Log file closed, 09/27/17 14:50:07
