Log file open, 10/04/17 11:29:04
LogWindows: Failed to load 'aqProf.dll' (GetLastError=126)
LogWindows: File 'aqProf.dll' does not exist
LogWindows: Failed to load 'VtuneApi.dll' (GetLastError=126)
LogWindows: File 'VtuneApi.dll' does not exist
LogWindows: Failed to load 'VtuneApi32e.dll' (GetLastError=126)
LogWindows: File 'VtuneApi32e.dll' does not exist
LogInit: Display: Running engine for game: MyProject
LogPlatformFile: Not using cached read wrapper
LogInit: Display: RandInit(399234668) SRandInit(399234668).
LogTaskGraph: Started task graph with 5 named threads and 14 total threads with 3 sets of task threads.
LogStats: Stats thread started at 0.167498
LogD3D11RHI: Aftermath initialized
LogPluginManager: Display: Disabled plugin 'Substance', continuing.
LogPluginManager: Mounting plugin Paper2D
LogPluginManager: Mounting plugin LightPropagationVolume
LogPluginManager: Mounting plugin CodeLiteSourceCodeAccess
LogPluginManager: Mounting plugin GitSourceControl
LogPluginManager: Mounting plugin KDevelopSourceCodeAccess
LogPluginManager: Mounting plugin NullSourceCodeAccess
LogPluginManager: Mounting plugin PerforceSourceControl
LogPluginManager: Mounting plugin SubversionSourceControl
LogPluginManager: Mounting plugin UObjectPlugin
LogPluginManager: Mounting plugin VisualStudioSourceCodeAccess
LogPluginManager: Mounting plugin XCodeSourceCodeAccess
LogPluginManager: Mounting plugin AssetManagerEditor
LogPluginManager: Mounting plugin AudioCapture
LogPluginManager: Mounting plugin FacialAnimation
LogPluginManager: Mounting plugin GameplayTagsEditor
LogPluginManager: Mounting plugin MobileLauncherProfileWizard
LogPluginManager: Mounting plugin PluginBrowser
LogPluginManager: Mounting plugin SpeedTreeImporter
LogPluginManager: Mounting plugin AlembicImporter
LogPluginManager: Mounting plugin CharacterAI
LogPluginManager: Mounting plugin HTML5Networking
LogPluginManager: Mounting plugin AndroidMedia
LogPluginManager: Mounting plugin AvfMedia
LogPluginManager: Mounting plugin MediaPlayerEditor
LogPluginManager: Mounting plugin WmfMedia
LogPluginManager: Mounting plugin TcpMessaging
LogPluginManager: Mounting plugin UdpMessaging
LogPluginManager: Mounting plugin LevelSequenceEditor
LogPluginManager: Mounting plugin MatineeToLevelSequence
LogPluginManager: Mounting plugin OnlineSubsystemGooglePlay
LogPluginManager: Mounting plugin OnlineSubsystemIOS
LogPluginManager: Mounting plugin OnlineSubsystem
LogPluginManager: Mounting plugin OnlineSubsystemNull
LogPluginManager: Mounting plugin OnlineSubsystemUtils
LogPluginManager: Mounting plugin AndroidDeviceProfileSelector
LogPluginManager: Mounting plugin AndroidMoviePlayer
LogPluginManager: Mounting plugin AndroidPermission
LogPluginManager: Mounting plugin AppleMoviePlayer
LogPluginManager: Mounting plugin ArchVisCharacter
LogPluginManager: Mounting plugin CableComponent
LogPluginManager: Mounting plugin CustomMeshComponent
LogPluginManager: Mounting plugin ExampleDeviceProfileSelector
LogPluginManager: Mounting plugin GoogleCloudMessaging
LogPluginManager: Mounting plugin ImmediatePhysics
LogPluginManager: Mounting plugin IOSDeviceProfileSelector
LogPluginManager: Mounting plugin LinuxDeviceProfileSelector
LogPluginManager: Mounting plugin LocationServicesBPLibrary
LogPluginManager: Mounting plugin MobilePatchingUtils
LogPluginManager: Mounting plugin OculusVR
LogPluginManager: Mounting plugin PhysXVehicles
LogPluginManager: Mounting plugin ProceduralMeshComponent
LogPluginManager: Mounting plugin RuntimePhysXCooking
LogPluginManager: Mounting plugin SteamVR
LogPluginManager: Mounting plugin WindowsMoviePlayer
LogInit: Using libcurl 7.47.1
LogInit:  - built for x86_64-pc-win32
LogInit:  - supports SSL with OpenSSL/1.0.2g
LogInit:  - supports HTTP deflate (compression) using libz 1.2.8
LogInit:  - other features:
LogInit:      CURL_VERSION_SSL
LogInit:      CURL_VERSION_LIBZ
LogInit:      CURL_VERSION_IPV6
LogInit:      CURL_VERSION_ASYNCHDNS
LogInit:      CURL_VERSION_LARGEFILE
LogInit:      CURL_VERSION_IDN
LogInit:  CurlRequestOptions (configurable via config and command line):
LogInit:  - bVerifyPeer = false  - Libcurl will NOT verify peer certificate
LogInit:  - bUseHttpProxy = false  - Libcurl will NOT use HTTP proxy
LogInit:  - bDontReuseConnections = false  - Libcurl will reuse connections
LogInit:  - CertBundlePath = nullptr  - Libcurl will use whatever was configured at build time.
LogInit: Build: ++UE4+Release-4.17-CL-3658906
LogInit: Engine Version: 4.17.2-3658906+++UE4+Release-4.17
LogInit: Compatible Engine Version: 4.17.0-3573198+++UE4+Release-4.17
LogInit: Net CL: 3573198
LogDevObjectVersion: Number of dev versions registered: 16
LogDevObjectVersion:   Dev-Blueprints (B0D832E4-1F89-4F0D-ACCF-7EB736FD4AA2): 10
LogDevObjectVersion:   Dev-Build (E1C64328-A22C-4D53-A36C-8E866417BD8C): 0
LogDevObjectVersion:   Dev-Core (375EC13C-06E4-48FB-B500-84F0262A717E): 2
LogDevObjectVersion:   Dev-Editor (E4B068ED-F494-42E9-A231-DA0B2E46BB41): 20
LogDevObjectVersion:   Dev-Framework (CFFC743F-43B0-4480-9391-14DF171D2073): 28
LogDevObjectVersion:   Dev-Mobile (B02B49B5-BB20-44E9-A304-32B752E40360): 0
LogDevObjectVersion:   Dev-Networking (A4E4105C-59A1-49B5-A7C5-40C4547EDFEE): 0
LogDevObjectVersion:   Dev-Online (39C831C9-5AE6-47DC-9A44-9C173E1C8E7C): 0
LogDevObjectVersion:   Dev-Physics (78F01B33-EBEA-4F98-B9B4-84EACCB95AA2): 0
LogDevObjectVersion:   Dev-Platform (6631380F-2D4D-43E0-8009-CF276956A95A): 0
LogDevObjectVersion:   Dev-Rendering (12F88B9F-8875-4AFC-A67C-D90C383ABD29): 19
LogDevObjectVersion:   Dev-Sequencer (7B5AE74C-D270-4C10-A958-57980B212A5A): 4
LogDevObjectVersion:   Dev-VR (D7296918-1DD6-4BDD-9DE2-64A83CC13884): 0
LogDevObjectVersion:   Dev-LoadTimes (C2A15278-BFE7-4AFE-6C17-90FF531DF755): 1
LogDevObjectVersion:   Private-Geometry (6EACA3D4-40EC-4CC1-B786-8BED09428FC5): 1
LogDevObjectVersion:   Dev-AnimPhys (29E575DD-E0A3-4627-9D10-D276232CDCEA): 7
LogInit: Compiled (64-bit): Sep 22 2017 13:47:16
LogInit: Compiled with Visual C++: 19.00.24215.01
LogInit: Build Configuration: Development
LogInit: Branch Name: ++UE4+Release-4.17
LogInit: Command line: -EpicPortal 
LogInit: Base directory: C:/Program Files/Epic Games/UE_4.17/Engine/Binaries/Win64/
LogInit: Installed Engine Build: 1
LogInit: Presizing for max 8388607 objects, including 0 objects not considered by GC, pre-allocating 0 bytes for permanent pool.
LogInit: Object subsystem initialized
[2017.10.03-22.29.05:684][  0]LogInit: Selected Device Profile: [Windows]
[2017.10.03-22.29.05:684][  0]LogInit: Applying CVar settings loaded from the selected device profile: [Windows]
[2017.10.03-22.29.05:698][  0]LogInit: Computer: 1806C022
[2017.10.03-22.29.05:698][  0]LogInit: User: nicholasgre6280
[2017.10.03-22.29.05:698][  0]LogInit: CPU Page size=4096, Cores=4
[2017.10.03-22.29.05:698][  0]LogInit: High frequency timer resolution =3.323642 MHz
[2017.10.03-22.29.05:698][  0]LogMemory: Memory total: Physical=8.0GB (8GB approx)
[2017.10.03-22.29.05:698][  0]LogMemory: Platform Memory Stats for Windows
[2017.10.03-22.29.05:698][  0]LogMemory: Process Physical Memory: 281.21 MB used, 281.21 MB peak
[2017.10.03-22.29.05:698][  0]LogMemory: Process Virtual Memory: 277.89 MB used, 277.89 MB peak
[2017.10.03-22.29.05:698][  0]LogMemory: Physical Memory: 6213.33 MB used,  1936.82 MB free, 8150.16 MB total
[2017.10.03-22.29.05:698][  0]LogMemory: Virtual Memory: 676.84 MB used,  1936.82 MB free, 8388608.00 MB total
[2017.10.03-22.29.06:012][  0]LogInit: Using OS detected language (en-NZ).
[2017.10.03-22.29.06:012][  0]LogInit: Using OS detected locale (en-NZ).
[2017.10.03-22.29.06:019][  0]LogTextLocalizationManager: No specific localization for 'en-NZ' exists, so the 'en' localization will be used.
[2017.10.03-22.29.06:908][  0]LogD3D11RHI: D3D11 adapters:
[2017.10.03-22.29.06:929][  0]LogD3D11RHI:    0. 'NVIDIA GeForce GTX 760' (Feature Level 11_0)
[2017.10.03-22.29.06:929][  0]LogD3D11RHI:       1990/0/3819 MB DedicatedVideo/DedicatedSystem/SharedSystem, Outputs:2, VendorId:0x10de
[2017.10.03-22.29.06:929][  0]LogD3D11RHI: Chosen D3D11 Adapter: 0
[2017.10.03-22.29.06:933][  0]LogD3D11RHI: Creating new Direct3DDevice
[2017.10.03-22.29.06:933][  0]LogD3D11RHI:     GPU DeviceId: 0x1187 (for the marketing name, search the web for "GPU Device Id")
[2017.10.03-22.29.06:933][  0]LogWindows: EnumDisplayDevices:
[2017.10.03-22.29.06:934][  0]LogWindows:    0. 'NVIDIA GeForce GTX 760' (P:1 D:1)
[2017.10.03-22.29.06:934][  0]LogWindows:    1. 'NVIDIA GeForce GTX 760' (P:0 D:1)
[2017.10.03-22.29.06:934][  0]LogWindows:    2. 'NVIDIA GeForce GTX 760' (P:0 D:0)
[2017.10.03-22.29.06:934][  0]LogWindows:    3. 'NVIDIA GeForce GTX 760' (P:0 D:0)
[2017.10.03-22.29.06:934][  0]LogWindows:    4. 'RDPDD Chained DD' (P:0 D:0)
[2017.10.03-22.29.06:934][  0]LogWindows:    5. 'RDP Encoder Mirror Driver' (P:0 D:0)
[2017.10.03-22.29.06:934][  0]LogWindows:    6. 'RDP Reflector Display Driver' (P:0 D:0)
[2017.10.03-22.29.06:934][  0]LogWindows:    7. 'Mirage Driver' (P:0 D:0)
[2017.10.03-22.29.06:934][  0]LogWindows: DebugString: GetVideoDriverDetailsInvalid PrimaryIsNotTheChoosenAdapter GetVideoDriverDetailsInvalid PrimaryIsNotTheChoosenAdapter GetVideoDriverDetailsInvalid PrimaryIsNotTheChoosenAdapter GetVideoDriverDetailsInvalid PrimaryIsNotTheChoosenAdapter FoundDriverCount:4 
[2017.10.03-22.29.06:934][  0]LogD3D11RHI:     Adapter Name: NVIDIA GeForce GTX 760
[2017.10.03-22.29.06:934][  0]LogD3D11RHI:   Driver Version: 382.05 (internal:22.21.13.8205, unified:382.05)
[2017.10.03-22.29.06:934][  0]LogD3D11RHI:      Driver Date: 5-1-2017
[2017.10.03-22.29.06:935][  0]LogRHI: Texture pool is 1361 MB (70% of 1945 MB)
[2017.10.03-22.29.06:943][  0]LogD3D11RHI: Async texture creation enabled
[2017.10.03-22.29.06:958][  0]LogD3D11RHI: GPU Timing Frequency: 1000.000000 (Debug: 2 2)
[2017.10.03-22.29.06:960][  0]LogShaderCompilers: Guid format shader working directory is -20 characters bigger than the processId version (D:/Users/nicholas.gre6280/Documents/kraken/fun/simple maze - Copy - Copy 4.16/Intermediate/Shaders/WorkingDirectory/4548/).
[2017.10.03-22.29.06:960][  0]LogShaderCompilers: Cleaned the shader compiler working directory 'D:/Users/nicholas.gre6280/AppData/Local/Temp/UnrealShaderWorkingDir/FB150767402712CD6A2706ACEE8E23A1/'.
[2017.10.03-22.29.06:960][  0]LogShaderCompilers: Display: Using Local Shader Compiler.
[2017.10.03-22.29.08:270][  0]LogTemp: Display: Loaded TP AllDesktopTargetPlatform
[2017.10.03-22.29.08:360][  0]LogTemp: Display: Loaded TP MacClientTargetPlatform
[2017.10.03-22.29.08:450][  0]LogTemp: Display: Loaded TP MacNoEditorTargetPlatform
[2017.10.03-22.29.08:539][  0]LogTemp: Display: Loaded TP MacServerTargetPlatform
[2017.10.03-22.29.08:630][  0]LogTemp: Display: Loaded TP MacTargetPlatform
[2017.10.03-22.29.08:722][  0]LogTemp: Display: Loaded TP WindowsClientTargetPlatform
[2017.10.03-22.29.08:814][  0]LogTemp: Display: Loaded TP WindowsNoEditorTargetPlatform
[2017.10.03-22.29.08:906][  0]LogTemp: Display: Loaded TP WindowsServerTargetPlatform
[2017.10.03-22.29.08:990][  0]LogTemp: Display: Loaded TP WindowsTargetPlatform
[2017.10.03-22.29.09:082][  0]LogTemp: Display: Loaded TP AndroidTargetPlatform
[2017.10.03-22.29.09:174][  0]LogTemp: Display: Loaded TP Android_ASTCTargetPlatform
[2017.10.03-22.29.09:267][  0]LogTemp: Display: Loaded TP Android_ATCTargetPlatform
[2017.10.03-22.29.09:358][  0]LogTemp: Display: Loaded TP Android_DXTTargetPlatform
[2017.10.03-22.29.09:450][  0]LogTemp: Display: Loaded TP Android_ETC1TargetPlatform
[2017.10.03-22.29.09:541][  0]LogTemp: Display: Loaded TP Android_ETC2TargetPlatform
[2017.10.03-22.29.09:724][  0]LogTemp: Display: Loaded TP Android_MultiTargetPlatform
[2017.10.03-22.29.09:724][  0]LogTemp: Display: Loaded TP Android_PVRTCTargetPlatform
[2017.10.03-22.29.09:801][  0]LogTemp: Display: Loaded TP HTML5TargetPlatform
[2017.10.03-22.29.09:951][  0]LogTemp: Display: Loaded TP IOSTargetPlatform
[2017.10.03-22.29.10:001][  0]LogTemp: Display: Loaded TP TVOSTargetPlatform
[2017.10.03-22.29.10:091][  0]LogTemp: Display: Loaded TP LinuxClientTargetPlatform
[2017.10.03-22.29.10:184][  0]LogTemp: Display: Loaded TP LinuxNoEditorTargetPlatform
[2017.10.03-22.29.10:274][  0]LogTemp: Display: Loaded TP LinuxServerTargetPlatform
[2017.10.03-22.29.10:367][  0]LogTemp: Display: Loaded TP LinuxTargetPlatform
[2017.10.03-22.29.10:367][  0]LogTargetPlatformManager: Display: Building Assets For Windows
[2017.10.03-22.29.11:256][  0]LogDerivedDataCache: Display: Max Cache Size: 512 MB
[2017.10.03-22.29.11:342][  0]LogDerivedDataCache: Loaded boot cache 0.09s 93MB D:/Users/nicholas.gre6280/AppData/Local/UnrealEngine/4.17/DerivedDataCache/Boot.ddc.
[2017.10.03-22.29.11:342][  0]LogDerivedDataCache: Display: Loaded Boot cache: D:/Users/nicholas.gre6280/AppData/Local/UnrealEngine/4.17/DerivedDataCache/Boot.ddc
[2017.10.03-22.29.11:342][  0]LogDerivedDataCache: FDerivedDataBackendGraph:  Pak pak cache file D:/Users/nicholas.gre6280/Documents/kraken/fun/simple maze - Copy - Copy 4.16/DerivedDataCache/DDC.ddp not found, will not use a pak cache.
[2017.10.03-22.29.11:342][  0]LogDerivedDataCache: Unable to find inner node Pak for hierarchical cache Hierarchy.
[2017.10.03-22.29.11:342][  0]LogDerivedDataCache: FDerivedDataBackendGraph:  CompressedPak pak cache file D:/Users/nicholas.gre6280/Documents/kraken/fun/simple maze - Copy - Copy 4.16/DerivedDataCache/Compressed.ddp not found, will not use a pak cache.
[2017.10.03-22.29.11:342][  0]LogDerivedDataCache: Unable to find inner node CompressedPak for hierarchical cache Hierarchy.
[2017.10.03-22.29.11:361][  0]LogDerivedDataCache: Display: Pak cache opened for reading ../../../Engine/DerivedDataCache/Compressed.ddp.
[2017.10.03-22.29.11:372][  0]LogDerivedDataCache: Using Local data cache path D:/Users/nicholas.gre6280/AppData/Local/UnrealEngine/Common/DerivedDataCache: Writable
[2017.10.03-22.29.11:384][  0]LogMaterial: Verifying Global Shaders for PCD3D_SM5
[2017.10.03-22.29.11:384][  0]LogSlate: Using Freetype 2.6.0
[2017.10.03-22.29.11:386][  0]LogSlate: SlateFontCache - WITH_FREETYPE: 1, WITH_HARFBUZZ: 1
[2017.10.03-22.29.11:386][  0]LogSlate: SlateFontCache - WITH_FREETYPE: 1, WITH_HARFBUZZ: 1
[2017.10.03-22.29.11:764][  0]LogAssetRegistry: FAssetRegistry took 0.0251 seconds to start up
[2017.10.03-22.29.11:981][  0]LogInit: Selected Device Profile: [Windows]
[2017.10.03-22.29.11:986][  0]LogContentStreaming: Texture pool size is 0.00 MB
[2017.10.03-22.29.12:635][  0]LogSimplygon: Simplygon DLL not present - disabling.
[2017.10.03-22.29.12:722][  0]LogMeshReduction: Using SimplygonSwarm for distributed automatic mesh merging
[2017.10.03-22.29.12:722][  0]LogMeshReduction: Using QuadricMeshReduction for automatic static mesh reduction
[2017.10.03-22.29.12:722][  0]LogMeshReduction: No automatic skeletal mesh reduction module available
[2017.10.03-22.29.12:722][  0]LogMeshReduction: No automatic mesh merging module available
[2017.10.03-22.29.12:722][  0]LogMeshMerging: No automatic mesh merging module available
[2017.10.03-22.29.13:098][  0]LogNetVersion: MyProject , NetCL: 3573198, EngineNetVer: 2, GameNetVer: 0 (Checksum: 3113362612)
[2017.10.03-22.29.13:373][  0]LogPackageLocalizationCache: Processed 5 localized package path(s) for 2 prioritized culture(s) in 0.035158 seconds
[2017.10.03-22.29.13:380][  0]LogUObjectArray: 35825 objects as part of root set at end of initial load.
[2017.10.03-22.29.13:380][  0]LogUObjectAllocator: 7529104 out of 0 bytes used by permanent object pool.
[2017.10.03-22.29.13:380][  0]LogUObjectArray: CloseDisregardForGC: 0/0 objects in disregard for GC pool
[2017.10.03-22.29.13:502][  0]LogInit: WinSock: version 1.1 (2.2), MaxSocks=32767, MaxUdp=65467
[2017.10.03-22.29.17:961][  0]LogTcpMessaging: Initializing TcpMessaging bridge
[2017.10.03-22.29.18:017][  0]LogUdpMessaging: Initializing bridge on interface 0.0.0.0:0 to multicast group 230.0.0.1:6666.
[2017.10.03-22.29.19:067][  0]LogMaterial: Uniform references updated for custom material expression Custom.
[2017.10.03-22.29.19:736][  0]SourceControl: Source control is disabled
[2017.10.03-22.29.19:736][  0]SourceControl: Source control is disabled
[2017.10.03-22.29.19:821][  0]SourceControl: Source control is disabled
[2017.10.03-22.29.19:904][  0]SourceControl: Source control is disabled
[2017.10.03-22.29.20:921][  0]LogAndroidPermission: UAndroidPermissionCallbackProxy::GetInstance
[2017.10.03-22.29.21:343][  0]LogOcInput: OculusInput pre-init called
[2017.10.03-22.29.21:770][  0]LogEngine: Initializing Engine...
[2017.10.03-22.29.21:771][  0]LogHMD: Failed to initialize OpenVR with code 110
[2017.10.03-22.29.22:002][  0]LogStats: UGameplayTagsManager::ConstructGameplayTagTree: Construct from data asset -  0.000 s
[2017.10.03-22.29.22:002][  0]LogStats: UGameplayTagsManager::ConstructGameplayTagTree: GameplayTagTreeChangedEvent.Broadcast -  0.000 s
[2017.10.03-22.29.22:240][  0]LogAIModule: Creating AISystem for world Untitled
[2017.10.03-22.29.22:251][  0]LogInit: XAudio2 using 'Speakers (High Definition Audio Device)' : 2 channels at 44.1 kHz using 16 bits per sample (channel mask 0x3)
[2017.10.03-22.29.22:257][  0]LogInit: FAudioDevice initialized.
[2017.10.03-22.29.22:494][  0]LogDerivedDataCache: Saved boot cache 0.24s 93MB D:/Users/nicholas.gre6280/AppData/Local/UnrealEngine/4.17/DerivedDataCache/Boot.ddc.
[2017.10.03-22.29.22:505][  0]LogInit: Texture streaming: Enabled
[2017.10.03-22.29.22:715][  0]LogEngineSessionManager: EngineSessionManager initialized
[2017.10.03-22.29.23:118][  0]LogInit: Transaction tracking system initialized
[2017.10.03-22.29.23:703][  0]BlueprintLog: New page: Editor Load
[2017.10.03-22.29.25:362][  0]LocalizationService: Localization service is disabled
[2017.10.03-22.29.26:612][  0]LogConsoleResponse: Display: 
[2017.10.03-22.29.26:950][  0]LogCook: Display: Max memory allowance for cook 16384mb min free memory 0mb
[2017.10.03-22.29.26:950][  0]LogCook: Display: Mobile HDR setting 1
[2017.10.03-22.29.26:950][  0]LogGameplayTags: Display: UGameplayTagsManager::DoneAddingNativeTags. DelegateIsBound: 0
[2017.10.03-22.29.27:495][  0]LogFileCache: Scanning file cache for directory 'D:/Users/nicholas.gre6280/Documents/kraken/fun/simple maze - Copy - Copy 4.16/Content/' took 0.02s
[2017.10.03-22.29.28:812][  0]SourceControl: Source control is disabled
[2017.10.03-22.29.28:812][  0]Cmd: MAP LOAD FILE="D:/Users/nicholas.gre6280/Documents/kraken/fun/simple maze - Copy - Copy 4.16/Content/MainMenu/MainMenu.umap" TEMPLATE=0 SHOWPROGRESS=1 FEATURELEVEL=3
[2017.10.03-22.29.28:813][  0]LightingResults: New page: Lighting Build
[2017.10.03-22.29.28:891][  0]MapCheck: New page: Map Check
[2017.10.03-22.29.28:891][  0]LightingResults: New page: Lighting Build
[2017.10.03-22.29.29:751][  0]LogStaticMesh: Building static mesh Bomb_New...
[2017.10.03-22.29.29:915][  0]LogStaticMesh: Built static mesh [0.17s] /Game/map/Bomb_New.Bomb_New
[2017.10.03-22.29.30:096][  0]LogAIModule: Creating AISystem for world MainMenu
[2017.10.03-22.29.30:097][  0]LogEditorServer: Finished looking for orphan Actors (0.000 secs)
[2017.10.03-22.29.30:109][  0]Cmd: MAP CHECKDEP NOCLEARLOG
[2017.10.03-22.29.30:255][  0]MapCheck: Map check complete: 0 Error(s), 0 Warning(s), took 145.514ms to complete.
[2017.10.03-22.29.30:255][  0]LogFileHelpers: Loading map 'MainMenu' took 1.442
[2017.10.03-22.29.30:478][  0]LogCollectionManager: Loaded 1 collections in 0.002133 seconds
[2017.10.03-22.29.30:618][  0]LogFileCache: Scanning file cache for directory 'D:/Users/nicholas.gre6280/Documents/kraken/fun/simple maze - Copy - Copy 4.16/Saved/Collections/' took 0.01s
[2017.10.03-22.29.30:618][  0]LogFileCache: Scanning file cache for directory 'D:/Users/nicholas.gre6280/Documents/kraken/fun/simple maze - Copy - Copy 4.16/Content/Developers/nicholasgre6280/Collections/' took 0.01s
[2017.10.03-22.29.30:618][  0]LogFileCache: Scanning file cache for directory 'D:/Users/nicholas.gre6280/Documents/kraken/fun/simple maze - Copy - Copy 4.16/Content/Collections/' took 0.01s
[2017.10.03-22.29.30:618][  0]LogCollectionManager: Rebuilt the GUID cache for 1 collections in 0.000005 seconds
[2017.10.03-22.29.30:619][  0]LogCollectionManager: Rebuilt the hierarchy cache for 1 collections in 0.000000 seconds
[2017.10.03-22.29.30:630][  0]LogContentBrowser: Native class hierarchy populated in 0.0096 seconds. Added 2386 classes and 500 folders.
[2017.10.03-22.29.30:759][  0]LogContentBrowser: Native class hierarchy updated for 'WidgetCarousel' in 0.0009 seconds. Added 0 classes and 0 folders.
[2017.10.03-22.29.30:997][  0]LogContentBrowser: Native class hierarchy updated for 'AddContentDialog' in 0.0006 seconds. Added 0 classes and 0 folders.
[2017.10.03-22.29.31:188][  0]LogContentBrowser: Native class hierarchy updated for 'SceneOutliner' in 0.0007 seconds. Added 1 classes and 2 folders.
[2017.10.03-22.29.31:330][  0]LogContentBrowser: Native class hierarchy updated for 'HierarchicalLODOutliner' in 0.0007 seconds. Added 1 classes and 2 folders.
[2017.10.03-22.29.31:330][  0]LogLoad: (Engine Initialization) Total time: 31.44 seconds
[2017.10.03-22.29.31:330][  0]LogLoad: (Engine Initialization) Total Blueprint compile time: 0.00 seconds
[2017.10.03-22.29.31:330][  0]LogExternalProfiler: Found external profiler: VSPerf
[2017.10.03-22.29.31:330][  0]LogExternalProfiler: Using external profiler: VSPerf
[2017.10.03-22.29.31:370][  0]LogContentStreaming: Texture pool size now 1000 MB
[2017.10.03-22.29.31:371][  0]LogSlate: Took 0.000617 seconds to synchronously load lazily loaded font '../../../Engine/Content/Slate/Fonts/Roboto-Regular.ttf' (155K)
[2017.10.03-22.29.31:373][  0]LogSlate: Took 0.000423 seconds to synchronously load lazily loaded font '../../../Engine/Content/Slate/Fonts/Roboto-Bold.ttf' (160K)
[2017.10.03-22.29.31:381][  0]LogSlate: Took 0.003080 seconds to synchronously load lazily loaded font '../../../Engine/Content/Editor/Slate/Fonts/FontAwesome.ttf' (139K)
[2017.10.03-22.29.31:509][  0]LogSlate: Took 0.005780 seconds to synchronously load lazily loaded font '../../../Engine/Content/Slate/Fonts/Roboto-Light.ttf' (159K)
[2017.10.03-22.29.31:549][  1]LogAssetRegistry: Asset discovery search completed in 19.8058 seconds
[2017.10.03-22.29.31:550][  1]LogRenderer: Reallocating scene render targets to support 836x392 Format 10 NumSamples 1 (Frame:1).
[2017.10.03-22.29.31:551][  1]LogCollectionManager: Rebuilt the object cache for 1 collections in 0.000002 seconds (found 0 objects)
[2017.10.03-22.29.31:551][  1]LogCollectionManager: Fixed up redirectors for 1 collections in 0.000088 seconds (updated 0 objects)
[2017.10.03-22.29.35:857][469]LogTemp: Repeating last play command: Selected Viewport
[2017.10.03-22.29.35:909][469]LogBlueprintUserMessages: Early PlayInEditor Detection: Level '/Game/MainMenu/MainMenu.MainMenu:PersistentLevel' has LevelScriptBlueprint '/Game/MainMenu/MainMenu.MainMenu:PersistentLevel.MainMenu' with GeneratedClass '/Game/MainMenu/MainMenu.MainMenu_C' with ClassGeneratedBy '/Game/MainMenu/MainMenu.MainMenu:PersistentLevel.MainMenu'
[2017.10.03-22.29.35:909][469]LogPlayLevel: PlayLevel: No blueprints needed recompiling
[2017.10.03-22.29.35:921][469]PIE: New page: PIE session: MainMenu (5/10/2017 12:29:35 am)
[2017.10.03-22.29.35:922][469]LogPlayLevel: Creating play world package: /Game/MainMenu/UEDPIE_0_MainMenu
[2017.10.03-22.29.35:928][469]LogPlayLevel: PIE: StaticDuplicateObject took: (0.005801s)
[2017.10.03-22.29.35:928][469]LogAIModule: Creating AISystem for world MainMenu
[2017.10.03-22.29.35:928][469]LogPlayLevel: PIE: World Init took: (0.000597s)
[2017.10.03-22.29.35:931][469]LogPlayLevel: PIE: Created PIE world by copying editor world from /Game/MainMenu/MainMenu.MainMenu to /Game/MainMenu/UEDPIE_0_MainMenu.MainMenu (0.009464s)
[2017.10.03-22.29.35:947][469]LogInit: XAudio2 using 'Speakers (High Definition Audio Device)' : 2 channels at 44.1 kHz using 16 bits per sample (channel mask 0x3)
[2017.10.03-22.29.35:952][469]LogInit: FAudioDevice initialized.
[2017.10.03-22.29.36:128][469]LogLoad: Game class is 'FirstPersonGameMode_C'
[2017.10.03-22.29.36:144][469]LogWorld: Bringing World /Game/MainMenu/UEDPIE_0_MainMenu.MainMenu up for play (max tick rate 0) at 2017.10.04-11.29.36
[2017.10.03-22.29.36:146][469]LogWorld: Bringing up level for play took: 0.002690
[2017.10.03-22.29.36:242][469]LogContentBrowser: Native class hierarchy updated for 'MovieSceneCapture' in 0.0007 seconds. Added 11 classes and 0 folders.
[2017.10.03-22.29.36:317][469]PIE: Play in editor start time for /Game/MainMenu/UEDPIE_0_MainMenu 0.63
[2017.10.03-22.29.36:318][469]LogBlueprintUserMessages: Late PlayInEditor Detection: Level '/Game/MainMenu/MainMenu.MainMenu:PersistentLevel' has LevelScriptBlueprint '/Game/MainMenu/MainMenu.MainMenu:PersistentLevel.MainMenu' with GeneratedClass '/Game/MainMenu/MainMenu.MainMenu_C' with ClassGeneratedBy '/Game/MainMenu/MainMenu.MainMenu:PersistentLevel.MainMenu'
[2017.10.03-22.29.36:541][491]LogFileCache: Retrieving MD5 hashes for directory 'D:/Users/nicholas.gre6280/Documents/kraken/fun/simple maze - Copy - Copy 4.16/Content/' took 5.19s
[2017.10.03-22.29.37:774][571]LogRenderer: Reallocating scene render targets to support 836x544 Format 10 NumSamples 1 (Frame:103).
[2017.10.03-22.29.38:885][692]LogNet: Browse: /Game/FirstPersonBP/Maps/FirstPersonExampleMap
[2017.10.03-22.29.38:886][692]LogLoad: LoadMap: /Game/FirstPersonBP/Maps/FirstPersonExampleMap
[2017.10.03-22.29.38:901][692]Cmd: MEM
[2017.10.03-22.29.38:922][692]LogMemory: Platform Memory Stats for Windows
[2017.10.03-22.29.38:922][692]LogMemory: Process Physical Memory: 1030.78 MB used, 1133.61 MB peak
[2017.10.03-22.29.38:922][692]LogMemory: Process Virtual Memory: 1402.07 MB used, 1542.33 MB peak
[2017.10.03-22.29.38:922][692]LogMemory: Physical Memory: 6869.55 MB used,  1280.60 MB free, 8150.16 MB total
[2017.10.03-22.29.38:922][692]LogMemory: Virtual Memory: 2084.13 MB used,  1280.60 MB free, 8388608.00 MB total
[2017.10.03-22.29.38:922][692]LogMemory: 
[2017.10.03-22.29.38:922][692]Allocator Stats for TBB: (not implemented)
[2017.10.03-22.29.39:459][692]LogStaticMesh: Building static mesh Maze_Bottom...
[2017.10.03-22.29.39:466][692]LogStaticMesh: Built static mesh [0.01s] /Game/map/Maze_Bottom.Maze_Bottom
[2017.10.03-22.29.39:850][692]LogStaticMesh: Building static mesh Maze_Barrier...
[2017.10.03-22.29.39:883][692]LogStaticMesh: Built static mesh [0.03s] /Game/map/Maze_Barrier.Maze_Barrier
[2017.10.03-22.29.39:886][692]LogStaticMesh: Building static mesh Maze_Walls_Black...
[2017.10.03-22.29.39:921][692]LogStaticMesh: Built static mesh [0.04s] /Game/map/Maze_Walls_Black.Maze_Walls_Black
[2017.10.03-22.29.39:924][692]LogStaticMesh: Building static mesh Maze_Walls_White...
[2017.10.03-22.29.39:955][692]LogStaticMesh: Built static mesh [0.03s] /Game/map/Maze_Walls_White.Maze_Walls_White
[2017.10.03-22.29.41:836][692]LogAIModule: Creating AISystem for world FirstPersonExampleMap
[2017.10.03-22.29.41:836][692]LogLoad: Game class is 'ThirdPersonMenuMode_C'
[2017.10.03-22.29.42:057][692]LogWorld: Bringing World /Game/FirstPersonBP/Maps/UEDPIE_0_FirstPersonExampleMap.FirstPersonExampleMap up for play (max tick rate 0) at 2017.10.04-11.29.42
[2017.10.03-22.29.42:133][692]LogBlueprintUserMessages: [plane122] up
[2017.10.03-22.29.42:136][692]LogBlueprintUserMessages: [plane205] up
[2017.10.03-22.29.42:136][692]LogWorld: Bringing up level for play took: 0.299749
[2017.10.03-22.29.42:140][692]LogBlueprintUserMessages: [FirstPersonExampleMap_C_1] i am player 1
[2017.10.03-22.29.42:143][692]LogLoad: Took 3.257310 seconds to LoadMap(/Game/FirstPersonBP/Maps/FirstPersonExampleMap)
[2017.10.03-22.29.55:622][990]LogBlueprintUserMessages: Early EndPlayMap Detection: Level '/Game/MainMenu/MainMenu.MainMenu:PersistentLevel' has LevelScriptBlueprint '/Game/MainMenu/MainMenu.MainMenu:PersistentLevel.MainMenu' with GeneratedClass '/Game/MainMenu/MainMenu.MainMenu_C' with ClassGeneratedBy '/Game/MainMenu/MainMenu.MainMenu:PersistentLevel.MainMenu'
[2017.10.03-22.29.55:686][990]LogBlueprintUserMessages: Late EndPlayMap Detection: Level '/Game/MainMenu/MainMenu.MainMenu:PersistentLevel' has LevelScriptBlueprint '/Game/MainMenu/MainMenu.MainMenu:PersistentLevel.MainMenu' with GeneratedClass '/Game/MainMenu/MainMenu.MainMenu_C' with ClassGeneratedBy '/Game/MainMenu/MainMenu.MainMenu:PersistentLevel.MainMenu'
[2017.10.03-22.30.24:291][673]LogSlate: Took 0.000527 seconds to synchronously load lazily loaded font '../../../Engine/Content/Slate/Fonts/Roboto-Light.ttf' (159K)
[2017.10.03-22.30.25:100][673]LogContentBrowser: Native class hierarchy updated for 'BlueprintGraph' in 0.0010 seconds. Added 113 classes and 0 folders.
[2017.10.03-22.30.27:871][673]LogSlate: Took 0.000531 seconds to synchronously load lazily loaded font '../../../Engine/Content/Slate/Fonts/Roboto-Regular.ttf' (155K)
[2017.10.03-22.30.28:096][673]LogSlate: Took 0.013751 seconds to synchronously load lazily loaded font '../../../Engine/Content/Editor/Slate/Fonts/Roboto-BoldCondensed.ttf' (158K)
[2017.10.03-22.30.28:764][674]LogSlate: Took 0.023245 seconds to synchronously load lazily loaded font '../../../Engine/Content/Editor/Slate/Fonts/Roboto-Italic.ttf' (157K)
[2017.10.03-22.31.56:314][286]LogBlueprint: Warning: [player1] 'bombs' variable not found. Base class was probably changed.
[2017.10.03-22.32.41:498][588]LogAIModule: Creating AISystem for world FirstPersonExampleMap
[2017.10.03-22.32.43:962][588]Cmd: MAP LOAD FILE="D:/Users/nicholas.gre6280/Documents/kraken/fun/simple maze - Copy - Copy 4.16/Content/FirstPersonBP/Maps/FirstPersonExampleMap.umap" TEMPLATE=0 SHOWPROGRESS=1 FEATURELEVEL=3
[2017.10.03-22.32.43:963][588]LightingResults: New page: Lighting Build
[2017.10.03-22.32.43:964][588]LoadErrors: New page: Loading map: FirstPersonExampleMap.umap
[2017.10.03-22.32.43:964][588]MapCheck: New page: Map Check
[2017.10.03-22.32.43:964][588]LightingResults: New page: Lighting Build
[2017.10.03-22.32.44:287][588]LogEditorServer: Finished looking for orphan Actors (0.000 secs)
[2017.10.03-22.32.44:342][588]Cmd: MAP CHECKDEP NOCLEARLOG
[2017.10.03-22.32.44:518][588]MapCheck: Map check complete: 0 Error(s), 0 Warning(s), took 175.363ms to complete.
[2017.10.03-22.32.44:520][588]LogFileHelpers: Loading map 'FirstPersonExampleMap' took 0.559
[2017.10.03-22.32.47:101][813]LogEditorViewport: Clicking on Actor (LMB): plane_C (plane32)
[2017.10.03-22.32.47:841][864]Cmd: EDIT PASTE
[2017.10.03-22.34.23:026][293]LogEditorViewport: Clicking on Actor (LMB): exploiveBomb_C (exploiveBomb)
[2017.10.03-22.34.53:625][374]LogEditorViewport: Clicking on Actor (LMB): exploiveBomb_C (exploiveBomb)
[2017.10.03-22.35.02:192][ 79]LogMaterial: Missing cached shader map for material Material_0, compiling. 
[2017.10.03-22.35.02:382][ 80]LogMaterial: Missing cached shader map for material Material_1, compiling. 
[2017.10.03-22.35.54:913][540]LogLinker: Can't find file '/Game/powerUps/pickUp_bomb'
[2017.10.03-22.35.54:914][540]LogLinker: Can't find file '/Game/powerUps/pickUp_bomb'
[2017.10.03-22.36.14:192][871]BlueprintLog: New page: Compile pickup_bomb
[2017.10.03-22.36.28:580][387]BlueprintLog: New page: Compile player1
[2017.10.03-22.36.28:773][387]LogBlueprint: Warning: [Compiler player1] Could not find a variable named "bombs" in 'player1_C'.
Make sure 'player1_C' has been compiled for  Get bombs
[2017.10.03-22.36.28:790][387]LogBlueprint: Error: [Compiler player1] The property associated with  Bombs  could not be found
[2017.10.03-22.36.57:634][387]LogBlueprint: Warning: [Compiler player1] [0477.64] Compile of player1 failed. 1 Fatal Issue(s) 1 Warning(s) [in 29,051 ms] (/Game/FirstPersonBP/Blueprints/player1.player1)
[2017.10.03-22.37.29:636][241]LogSlate: Took 0.115869 seconds to synchronously load lazily loaded font '../../../Engine/Content/Editor/Slate/Fonts/Roboto-BoldCondensedItalic.ttf' (160K)
[2017.10.03-22.38.24:058][403]LogSlate: Took 0.000563 seconds to synchronously load lazily loaded font '../../../Engine/Content/Slate/Fonts/Roboto-Light.ttf' (159K)
[2017.10.03-22.38.28:045][607]BlueprintLog: New page: Compile player1
[2017.10.03-22.40.09:198][369]LogActorComponent: UnregisterComponent: (/Engine/Transient.EditorFloorComp) Not registered. Aborting.
[2017.10.03-22.40.09:266][369]LogActorComponent: UnregisterComponent: (/Engine/Transient.EditorFloorComp) Not registered. Aborting.
[2017.10.03-22.40.13:306][560]LogSavePackage: Save=2176.66ms
[2017.10.03-22.40.13:306][560]LogSavePackage: Moving 'D:/Users/nicholas.gre6280/Documents/kraken/fun/simple maze - Copy - Copy 4.16/Saved/FirstPersonExampleMapEC20361448E2CD136DBFF1B13D13649B.tmp' to 'D:/Users/nicholas.gre6280/Documents/kraken/fun/simple maze - Copy - Copy 4.16/Content/FirstPersonBP/Maps/FirstPersonExampleMap.umap'
[2017.10.03-22.40.13:308][560]LogSavePackage: Display: Finished SavePackage D:/Users/nicholas.gre6280/Documents/kraken/fun/simple maze - Copy - Copy 4.16/Content/FirstPersonBP/Maps/FirstPersonExampleMap.umap
[2017.10.03-22.40.13:765][560]LogSavePackage: Save=280.82ms
[2017.10.03-22.40.13:765][560]LogSavePackage: Moving 'D:/Users/nicholas.gre6280/Documents/kraken/fun/simple maze - Copy - Copy 4.16/Saved/FirstPersonExampleMap_BuiltDataB146426343DF2BF96628CE971A9E46C2.tmp' to 'D:/Users/nicholas.gre6280/Documents/kraken/fun/simple maze - Copy - Copy 4.16/Content/FirstPersonBP/Maps/FirstPersonExampleMap_BuiltData.uasset'
[2017.10.03-22.40.13:766][560]LogSavePackage: Display: Finished SavePackage D:/Users/nicholas.gre6280/Documents/kraken/fun/simple maze - Copy - Copy 4.16/Content/FirstPersonBP/Maps/FirstPersonExampleMap_BuiltData.uasset
[2017.10.03-22.40.20:093][120]Cmd: OBJ SAVEPACKAGE PACKAGE="/Game/pickup_bomb" FILE="D:/Users/nicholas.gre6280/Documents/kraken/fun/simple maze - Copy - Copy 4.16/Content/pickup_bomb.uasset" SILENT=true
[2017.10.03-22.40.20:134][120]LogSavePackage: Save=39.55ms
[2017.10.03-22.40.20:134][120]LogSavePackage: Moving 'D:/Users/nicholas.gre6280/Documents/kraken/fun/simple maze - Copy - Copy 4.16/Saved/pickup_bomb3A9A4D064F83ED88138BA99F63C2FB5E.tmp' to 'D:/Users/nicholas.gre6280/Documents/kraken/fun/simple maze - Copy - Copy 4.16/Content/pickup_bomb.uasset'
[2017.10.03-22.40.20:136][120]LogSavePackage: Display: Finished SavePackage D:/Users/nicholas.gre6280/Documents/kraken/fun/simple maze - Copy - Copy 4.16/Content/pickup_bomb.uasset
[2017.10.03-22.40.20:318][120]LogSavePackage: Save=176.41ms
[2017.10.03-22.40.20:318][120]LogSavePackage: Moving 'D:/Users/nicholas.gre6280/Documents/kraken/fun/simple maze - Copy - Copy 4.16/Saved/player1A2D693754DA03D20601ABE8D53C2299D.tmp' to 'D:/Users/nicholas.gre6280/Documents/kraken/fun/simple maze - Copy - Copy 4.16/Content/FirstPersonBP/Blueprints/player1.uasset'
[2017.10.03-22.40.20:320][120]LogSavePackage: Display: Finished SavePackage D:/Users/nicholas.gre6280/Documents/kraken/fun/simple maze - Copy - Copy 4.16/Content/FirstPersonBP/Blueprints/player1.uasset
